<?xml version="1.0" encoding="utf-8"?>
<TestRun id="0b007666-d648-4e74-83a8-086885dacbe9" name="12456@LASPC 2025-10-26 00:18:18" runUser="LASPC\12456" xmlns="http://microsoft.com/schemas/VisualStudio/TeamTest/2010">
  <Times creation="2025-10-26T00:18:18.5870487+08:00" queuing="2025-10-26T00:18:18.5870491+08:00" start="2025-10-26T00:18:16.8052174+08:00" finish="2025-10-26T00:18:18.6014279+08:00" />
  <TestSettings name="default" id="82af4183-e738-4c37-b0d5-232a2d0cff56">
    <Deployment runDeploymentRoot="12456_LASPC_2025-10-26_00_18_18" />
  </TestSettings>
  <Results>
    <UnitTestResult executionId="456ac4b3-c9f5-45b9-809d-0f99c4e14a84" testId="261230df-c86a-6505-dc37-d6e6d1572351" testName="LAsOsuBeatmapParser.Tests.RustSRCalculatorTests.TestRust_AllMethods_Consistency_SingleFile" computerName="LASPC" duration="00:00:01.0492900" startTime="2025-10-26T00:18:17.3428131+08:00" endTime="2025-10-26T00:18:18.3994801+08:00" testType="13cdc9d9-ddb5-4fa4-a97d-d965ccfc6d4b" outcome="Passed" testListId="8c84fa94-04c1-424b-9868-57a2d4851a1d" relativeResultsDirectory="456ac4b3-c9f5-45b9-809d-0f99c4e14a84">
      <Output>
        <StdOut>=== Rust SR Calculator Methods Comparison ===&#xD;
| Method     | SR       | Time (ms) |&#xD;
|------------|----------|-----------|&#xD;
| FromFile   |   3.5907 |       196 |&#xD;
| FromContent |   3.5907 |       195 |&#xD;
| FromJson   |   5.6674 |       284 |&#xD;
| FromStruct |   5.6674 |       308 |</StdOut>
      </Output>
    </UnitTestResult>
  </Results>
  <TestDefinitions>
    <UnitTest name="LAsOsuBeatmapParser.Tests.RustSRCalculatorTests.TestRust_AllMethods_Consistency_SingleFile" storage="e:\base code\github\lasosubeatmapparser\tests\bin\debug\net8.0\lasosubeatmapparser.tests.dll" id="261230df-c86a-6505-dc37-d6e6d1572351">
      <Execution id="456ac4b3-c9f5-45b9-809d-0f99c4e14a84" />
      <TestMethod codeBase="E:\BASE CODE\GitHub\LAsOsuBeatmapParser\tests\bin\Debug\net8.0\LAsOsuBeatmapParser.Tests.dll" adapterTypeName="executor://xunit/VsTestRunner3/netcore/" className="LAsOsuBeatmapParser.Tests.RustSRCalculatorTests" name="TestRust_AllMethods_Consistency_SingleFile" />
    </UnitTest>
  </TestDefinitions>
  <TestEntries>
    <TestEntry testId="261230df-c86a-6505-dc37-d6e6d1572351" executionId="456ac4b3-c9f5-45b9-809d-0f99c4e14a84" testListId="8c84fa94-04c1-424b-9868-57a2d4851a1d" />
  </TestEntries>
  <TestLists>
    <TestList name="列表中未列出的结果" id="8c84fa94-04c1-424b-9868-57a2d4851a1d" />
    <TestList name="所有已加载的结果" id="19431567-8539-422a-85d7-44ee4e166bda" />
  </TestLists>
  <ResultSummary outcome="Completed">
    <Counters total="1" executed="1" passed="1" failed="0" error="0" timeout="0" aborted="0" inconclusive="0" passedButRunAborted="0" notRunnable="0" notExecuted="0" disconnected="0" warning="0" completed="0" inProgress="0" pending="0" />
    <Output>
      <StdOut>[xUnit.net 00:00:00.00] xUnit.net VSTest Adapter v3.1.5+1b188a7b0a (64-bit .NET 8.0.20)&#xD;
[xUnit.net 00:00:00.07]   Discovering: LAsOsuBeatmapParser.Tests&#xD;
[xUnit.net 00:00:00.11]   Discovered:  LAsOsuBeatmapParser.Tests&#xD;
[xUnit.net 00:00:00.13]   Starting:    LAsOsuBeatmapParser.Tests&#xD;
Total notes: 2484&#xD;
LN count: 398&#xD;
LN count: 398&#xD;
Rust Note: col=230, start=1001, end=-1&#xD;
Rust Note: col=281, start=1353, end=-1&#xD;
Rust Note: col=435, start=1587, end=-1&#xD;
Rust Note: col=435, start=1704, end=-1&#xD;
Rust Note: col=281, start=1821, end=-1&#xD;
Rust Note: col=384, start=1939, end=-1&#xD;
Rust Note: col=230, start=2290, end=-1&#xD;
Rust Note: col=179, start=2525, end=-1&#xD;
Rust Note: col=230, start=2876, end=-1&#xD;
Rust Note: col=281, start=3228, end=-1&#xD;
Rust Note: col=384, start=3462, end=-1&#xD;
Rust Note: col=384, start=3579, end=-1&#xD;
Rust Note: col=281, start=3696, end=-1&#xD;
Rust Note: col=332, start=3814, end=-1&#xD;
Rust Note: col=230, start=4165, end=-1&#xD;
Rust Note: col=25, start=4400, end=-1&#xD;
Rust Note: col=230, start=4751, end=-1&#xD;
Rust Note: col=281, start=5103, end=-1&#xD;
Rust Note: col=486, start=5337, end=-1&#xD;
Rust Note: col=486, start=5454, end=-1&#xD;
Rust Note: col=281, start=5571, end=-1&#xD;
Rust Note: col=435, start=5689, end=-1&#xD;
Rust Note: col=230, start=6040, end=-1&#xD;
Rust Note: col=76, start=6275, end=-1&#xD;
Rust Note: col=230, start=6626, end=-1&#xD;
Rust Note: col=281, start=6978, end=-1&#xD;
Rust Note: col=486, start=7212, end=-1&#xD;
Rust Note: col=486, start=7329, end=-1&#xD;
Rust Note: col=281, start=7446, end=-1&#xD;
Rust Note: col=435, start=7564, end=-1&#xD;
Rust Note: col=230, start=7915, end=-1&#xD;
Rust Note: col=179, start=8150, end=-1&#xD;
Rust Note: col=230, start=8150, end=-1&#xD;
Rust Note: col=281, start=8150, end=-1&#xD;
Rust Note: col=76, start=8384, end=-1&#xD;
Rust Note: col=25, start=8501, end=-1&#xD;
Rust Note: col=332, start=8501, end=-1&#xD;
Rust Note: col=76, start=8618, end=-1&#xD;
Rust Note: col=230, start=8618, end=-1&#xD;
Rust Note: col=281, start=8618, end=-1&#xD;
Rust Note: col=179, start=8853, end=-1&#xD;
Rust Note: col=384, start=8853, end=-1&#xD;
Rust Note: col=128, start=8970, end=-1&#xD;
Rust Note: col=179, start=9087, end=-1&#xD;
Rust Note: col=230, start=9087, end=-1&#xD;
Rust Note: col=435, start=9087, end=-1&#xD;
Rust Note: col=435, start=9204, end=-1&#xD;
Rust Note: col=128, start=9321, end=-1&#xD;
Rust Note: col=384, start=9321, end=-1&#xD;
Rust Note: col=76, start=9439, end=-1&#xD;
Rust Note: col=486, start=9439, end=-1&#xD;
Rust Note: col=128, start=9556, end=-1&#xD;
Rust Note: col=230, start=9556, end=-1&#xD;
Rust Note: col=179, start=9790, end=-1&#xD;
Rust Note: col=384, start=9790, end=-1&#xD;
Rust Note: col=128, start=9907, end=-1&#xD;
Rust Note: col=25, start=10025, end=-1&#xD;
Rust Note: col=76, start=10025, end=-1&#xD;
Rust Note: col=281, start=10025, end=-1&#xD;
Rust Note: col=179, start=10259, end=-1&#xD;
Rust Note: col=128, start=10376, end=-1&#xD;
Rust Note: col=332, start=10376, end=-1&#xD;
Rust Note: col=25, start=10493, end=-1&#xD;
Rust Note: col=179, start=10493, end=-1&#xD;
Rust Note: col=281, start=10493, end=-1&#xD;
Rust Note: col=76, start=10728, end=-1&#xD;
Rust Note: col=384, start=10728, end=-1&#xD;
Rust Note: col=128, start=10845, end=-1&#xD;
Rust Note: col=25, start=10962, end=-1&#xD;
Rust Note: col=76, start=10962, end=-1&#xD;
Rust Note: col=435, start=10962, end=-1&#xD;
Rust Note: col=435, start=11079, end=-1&#xD;
Rust Note: col=179, start=11196, end=-1&#xD;
Rust Note: col=384, start=11196, end=-1&#xD;
Rust Note: col=128, start=11314, end=-1&#xD;
Rust Note: col=486, start=11314, end=-1&#xD;
Rust Note: col=76, start=11431, end=-1&#xD;
Rust Note: col=179, start=11431, end=-1&#xD;
Rust Note: col=128, start=11665, end=-1&#xD;
Rust Note: col=384, start=11665, end=-1&#xD;
Rust Note: col=76, start=11782, end=-1&#xD;
Rust Note: col=25, start=11900, end=-1&#xD;
Rust Note: col=281, start=11900, end=-1&#xD;
Rust Note: col=332, start=11900, end=-1&#xD;
Rust Note: col=435, start=12134, end=-1&#xD;
Rust Note: col=76, start=12251, end=-1&#xD;
Rust Note: col=384, start=12251, end=-1&#xD;
Rust Note: col=230, start=12368, end=-1&#xD;
Rust Note: col=281, start=12368, end=-1&#xD;
Rust Note: col=435, start=12368, end=-1&#xD;
Rust Note: col=128, start=12603, end=-1&#xD;
Rust Note: col=384, start=12603, end=-1&#xD;
Rust Note: col=332, start=12720, end=-1&#xD;
Rust Note: col=179, start=12837, end=-1&#xD;
Rust Note: col=384, start=12837, end=-1&#xD;
Rust Note: col=435, start=12837, end=-1&#xD;
Rust Note: col=179, start=12954, end=-1&#xD;
Rust Note: col=128, start=13071, end=-1&#xD;
Rust Note: col=332, start=13071, end=-1&#xD;
Rust Note: col=230, start=13189, end=-1&#xD;
Rust Note: col=384, start=13189, end=-1&#xD;
Rust Note: col=332, start=13306, end=-1&#xD;
Rust Note: col=486, start=13306, end=-1&#xD;
Rust Note: col=128, start=13540, end=-1&#xD;
Rust Note: col=384, start=13540, end=-1&#xD;
Rust Note: col=281, start=13657, end=-1&#xD;
Rust Note: col=25, start=13775, end=-1&#xD;
Rust Note: col=230, start=13775, end=-1&#xD;
Rust Note: col=384, start=13775, end=-1&#xD;
Rust Note: col=76, start=14126, end=-1&#xD;
Rust Note: col=332, start=14126, end=-1&#xD;
Rust Note: col=435, start=14243, end=-1&#xD;
Rust Note: col=486, start=14243, end=-1&#xD;
Rust Note: col=128, start=14478, end=-1&#xD;
Rust Note: col=179, start=14712, end=-1&#xD;
Rust Note: col=179, start=14829, end=-1&#xD;
Rust Note: col=128, start=14946, end=-1&#xD;
Rust Note: col=384, start=14946, end=-1&#xD;
Rust Note: col=486, start=14946, end=-1&#xD;
Rust Note: col=230, start=15064, end=15181&#xD;
Rust Note: col=281, start=15181, end=-1&#xD;
Rust Note: col=384, start=15181, end=-1&#xD;
Rust Note: col=486, start=15181, end=-1&#xD;
Rust Note: col=128, start=15415, end=15532&#xD;
Rust Note: col=230, start=15650, end=16001&#xD;
Rust Note: col=332, start=15650, end=15884&#xD;
Rust Note: col=128, start=15884, end=-1&#xD;
Rust Note: col=384, start=15884, end=16001&#xD;
Rust Note: col=179, start=16001, end=-1&#xD;
Rust Note: col=281, start=16001, end=16353&#xD;
Rust Note: col=435, start=16001, end=16235&#xD;
Rust Note: col=25, start=16118, end=-1&#xD;
Rust Note: col=76, start=16118, end=-1&#xD;
Rust Note: col=230, start=16118, end=-1&#xD;
Rust Note: col=384, start=16235, end=-1&#xD;
Rust Note: col=128, start=16353, end=-1&#xD;
Rust Note: col=435, start=16353, end=-1&#xD;
Rust Note: col=179, start=16587, end=-1&#xD;
Rust Note: col=332, start=16587, end=-1&#xD;
Rust Note: col=230, start=16704, end=-1&#xD;
Rust Note: col=332, start=16704, end=-1&#xD;
Rust Note: col=128, start=16821, end=-1&#xD;
Rust Note: col=281, start=16821, end=-1&#xD;
Rust Note: col=76, start=16939, end=-1&#xD;
Rust Note: col=435, start=16939, end=-1&#xD;
Rust Note: col=179, start=16997, end=-1&#xD;
Rust Note: col=281, start=17056, end=-1&#xD;
Rust Note: col=332, start=17056, end=-1&#xD;
Rust Note: col=486, start=17056, end=-1&#xD;
Rust Note: col=128, start=17290, end=-1&#xD;
Rust Note: col=230, start=17290, end=-1&#xD;
Rust Note: col=384, start=17290, end=-1&#xD;
Rust Note: col=128, start=17525, end=17876&#xD;
Rust Note: col=384, start=17525, end=17759&#xD;
Rust Note: col=230, start=17759, end=-1&#xD;
Rust Note: col=435, start=17759, end=17876&#xD;
Rust Note: col=179, start=17876, end=-1&#xD;
Rust Note: col=281, start=17876, end=18228&#xD;
Rust Note: col=486, start=17876, end=18110&#xD;
Rust Note: col=25, start=17993, end=-1&#xD;
Rust Note: col=76, start=17993, end=-1&#xD;
Rust Note: col=128, start=17993, end=-1&#xD;
Rust Note: col=435, start=18110, end=-1&#xD;
Rust Note: col=230, start=18228, end=-1&#xD;
Rust Note: col=486, start=18228, end=-1&#xD;
Rust Note: col=179, start=18462, end=-1&#xD;
Rust Note: col=384, start=18462, end=-1&#xD;
Rust Note: col=128, start=18579, end=-1&#xD;
Rust Note: col=384, start=18579, end=-1&#xD;
Rust Note: col=230, start=18696, end=-1&#xD;
Rust Note: col=332, start=18696, end=-1&#xD;
Rust Note: col=76, start=18814, end=-1&#xD;
Rust Note: col=486, start=18814, end=-1&#xD;
Rust Note: col=179, start=18872, end=-1&#xD;
Rust Note: col=281, start=18931, end=-1&#xD;
Rust Note: col=332, start=18931, end=-1&#xD;
Rust Note: col=384, start=18931, end=-1&#xD;
Rust Note: col=25, start=19165, end=-1&#xD;
Rust Note: col=128, start=19165, end=-1&#xD;
Rust Note: col=384, start=19165, end=-1&#xD;
Rust Note: col=76, start=19400, end=19634&#xD;
Rust Note: col=281, start=19400, end=19751&#xD;
Rust Note: col=128, start=19634, end=19751&#xD;
Rust Note: col=384, start=19634, end=-1&#xD;
Rust Note: col=25, start=19751, end=20103&#xD;
Rust Note: col=179, start=19751, end=19985&#xD;
Rust Note: col=435, start=19751, end=-1&#xD;
Rust Note: col=281, start=19868, end=-1&#xD;
Rust Note: col=332, start=19868, end=-1&#xD;
Rust Note: col=486, start=19868, end=-1&#xD;
Rust Note: col=128, start=19985, end=-1&#xD;
Rust Note: col=179, start=20103, end=-1&#xD;
Rust Note: col=384, start=20103, end=-1&#xD;
Rust Note: col=230, start=20337, end=-1&#xD;
Rust Note: col=435, start=20337, end=-1&#xD;
Rust Note: col=230, start=20454, end=-1&#xD;
Rust Note: col=332, start=20454, end=-1&#xD;
Rust Note: col=76, start=20571, end=-1&#xD;
Rust Note: col=486, start=20571, end=-1&#xD;
Rust Note: col=179, start=20689, end=-1&#xD;
Rust Note: col=332, start=20747, end=-1&#xD;
Rust Note: col=25, start=20806, end=-1&#xD;
Rust Note: col=76, start=20806, end=-1&#xD;
Rust Note: col=230, start=20806, end=-1&#xD;
Rust Note: col=435, start=20806, end=-1&#xD;
Rust Note: col=128, start=21040, end=-1&#xD;
Rust Note: col=281, start=21040, end=-1&#xD;
Rust Note: col=384, start=21040, end=-1&#xD;
Rust Note: col=230, start=21275, end=21509&#xD;
Rust Note: col=384, start=21275, end=21626&#xD;
Rust Note: col=128, start=21509, end=21626&#xD;
Rust Note: col=281, start=21509, end=-1&#xD;
Rust Note: col=25, start=21626, end=21860&#xD;
Rust Note: col=332, start=21626, end=-1&#xD;
Rust Note: col=486, start=21626, end=21978&#xD;
Rust Note: col=230, start=21743, end=-1&#xD;
Rust Note: col=384, start=21743, end=-1&#xD;
Rust Note: col=435, start=21743, end=-1&#xD;
Rust Note: col=128, start=21860, end=-1&#xD;
Rust Note: col=76, start=21978, end=-1&#xD;
Rust Note: col=281, start=21978, end=-1&#xD;
Rust Note: col=25, start=22212, end=-1&#xD;
Rust Note: col=179, start=22212, end=-1&#xD;
Rust Note: col=332, start=22212, end=-1&#xD;
Rust Note: col=230, start=22329, end=-1&#xD;
Rust Note: col=384, start=22329, end=-1&#xD;
Rust Note: col=435, start=22329, end=-1&#xD;
Rust Note: col=128, start=22446, end=-1&#xD;
Rust Note: col=76, start=22564, end=-1&#xD;
Rust Note: col=486, start=22564, end=-1&#xD;
Rust Note: col=179, start=22681, end=-1&#xD;
Rust Note: col=230, start=22681, end=-1&#xD;
Rust Note: col=384, start=22681, end=-1&#xD;
Rust Note: col=332, start=22798, end=-1&#xD;
Rust Note: col=128, start=22915, end=-1&#xD;
Rust Note: col=435, start=22915, end=-1&#xD;
Rust Note: col=25, start=23032, end=-1&#xD;
Rust Note: col=281, start=23032, end=-1&#xD;
Rust Note: col=76, start=23150, end=23384&#xD;
Rust Note: col=179, start=23150, end=23384&#xD;
Rust Note: col=281, start=23150, end=23501&#xD;
Rust Note: col=230, start=23384, end=-1&#xD;
Rust Note: col=332, start=23501, end=-1&#xD;
Rust Note: col=128, start=23618, end=23853&#xD;
Rust Note: col=230, start=23618, end=23853&#xD;
Rust Note: col=384, start=23618, end=23853&#xD;
Rust Note: col=76, start=23853, end=-1&#xD;
Rust Note: col=435, start=23853, end=-1&#xD;
Rust Note: col=76, start=24087, end=-1&#xD;
Rust Note: col=486, start=24087, end=-1&#xD;
Rust Note: col=486, start=24204, end=-1&#xD;
Rust Note: col=128, start=24321, end=24556&#xD;
Rust Note: col=230, start=24321, end=24556&#xD;
Rust Note: col=384, start=24321, end=-1&#xD;
Rust Note: col=435, start=24439, end=24790&#xD;
Rust Note: col=25, start=24556, end=-1&#xD;
Rust Note: col=332, start=24556, end=-1&#xD;
Rust Note: col=76, start=24790, end=25025&#xD;
Rust Note: col=179, start=24790, end=25025&#xD;
Rust Note: col=332, start=24790, end=-1&#xD;
Rust Note: col=25, start=25025, end=-1&#xD;
Rust Note: col=230, start=25025, end=25259&#xD;
Rust Note: col=384, start=25025, end=25259&#xD;
Rust Note: col=25, start=25376, end=-1&#xD;
Rust Note: col=230, start=25376, end=25610&#xD;
Rust Note: col=384, start=25376, end=25610&#xD;
Rust Note: col=76, start=25493, end=-1&#xD;
Rust Note: col=76, start=25728, end=-1&#xD;
Rust Note: col=281, start=25728, end=25962&#xD;
Rust Note: col=435, start=25728, end=25962&#xD;
Rust Note: col=128, start=25962, end=-1&#xD;
Rust Note: col=384, start=25962, end=-1&#xD;
Rust Note: col=486, start=25962, end=-1&#xD;
Rust Note: col=179, start=26079, end=-1&#xD;
Rust Note: col=332, start=26079, end=-1&#xD;
Rust Note: col=76, start=26196, end=-1&#xD;
Rust Note: col=230, start=26196, end=-1&#xD;
Rust Note: col=384, start=26196, end=-1&#xD;
Rust Note: col=435, start=26314, end=-1&#xD;
Rust Note: col=25, start=26431, end=-1&#xD;
Rust Note: col=128, start=26431, end=-1&#xD;
Rust Note: col=230, start=26431, end=-1&#xD;
Rust Note: col=384, start=26431, end=26665&#xD;
Rust Note: col=179, start=26665, end=-1&#xD;
Rust Note: col=76, start=26900, end=27134&#xD;
Rust Note: col=179, start=26900, end=27134&#xD;
Rust Note: col=281, start=26900, end=27251&#xD;
Rust Note: col=128, start=27134, end=-1&#xD;
Rust Note: col=435, start=27251, end=-1&#xD;
Rust Note: col=128, start=27368, end=27603&#xD;
Rust Note: col=230, start=27368, end=27603&#xD;
Rust Note: col=384, start=27368, end=27603&#xD;
Rust Note: col=76, start=27603, end=-1&#xD;
Rust Note: col=332, start=27603, end=-1&#xD;
Rust Note: col=230, start=27837, end=-1&#xD;
Rust Note: col=384, start=27837, end=-1&#xD;
Rust Note: col=486, start=27954, end=-1&#xD;
Rust Note: col=128, start=28071, end=28306&#xD;
Rust Note: col=230, start=28071, end=28306&#xD;
Rust Note: col=384, start=28071, end=-1&#xD;
Rust Note: col=435, start=28189, end=28540&#xD;
Rust Note: col=25, start=28306, end=-1&#xD;
Rust Note: col=332, start=28306, end=-1&#xD;
Rust Note: col=76, start=28540, end=28775&#xD;
Rust Note: col=179, start=28540, end=28775&#xD;
Rust Note: col=332, start=28540, end=-1&#xD;
Rust Note: col=25, start=28775, end=-1&#xD;
Rust Note: col=230, start=28775, end=29009&#xD;
Rust Note: col=384, start=28775, end=29009&#xD;
Rust Note: col=128, start=29009, end=-1&#xD;
Rust Note: col=25, start=29126, end=-1&#xD;
Rust Note: col=230, start=29126, end=29360&#xD;
Rust Note: col=384, start=29126, end=29360&#xD;
Rust Note: col=179, start=29243, end=-1&#xD;
Rust Note: col=281, start=29243, end=-1&#xD;
Rust Note: col=76, start=29478, end=-1&#xD;
Rust Note: col=281, start=29478, end=29712&#xD;
Rust Note: col=435, start=29478, end=29712&#xD;
Rust Note: col=128, start=29712, end=-1&#xD;
Rust Note: col=332, start=29712, end=-1&#xD;
Rust Note: col=486, start=29712, end=-1&#xD;
Rust Note: col=281, start=29829, end=-1&#xD;
Rust Note: col=179, start=29946, end=-1&#xD;
Rust Note: col=384, start=29946, end=-1&#xD;
Rust Note: col=486, start=30064, end=-1&#xD;
Rust Note: col=25, start=30181, end=-1&#xD;
Rust Note: col=230, start=30181, end=-1&#xD;
Rust Note: col=281, start=30181, end=-1&#xD;
Rust Note: col=332, start=30181, end=30415&#xD;
Rust Note: col=76, start=30298, end=-1&#xD;
Rust Note: col=128, start=30415, end=-1&#xD;
Rust Note: col=128, start=30650, end=-1&#xD;
Rust Note: col=384, start=30650, end=-1&#xD;
Rust Note: col=179, start=30767, end=31001&#xD;
Rust Note: col=332, start=30884, end=-1&#xD;
Rust Note: col=332, start=31001, end=-1&#xD;
Rust Note: col=230, start=31118, end=-1&#xD;
Rust Note: col=281, start=31118, end=-1&#xD;
Rust Note: col=179, start=31235, end=31470&#xD;
Rust Note: col=332, start=31353, end=-1&#xD;
Rust Note: col=332, start=31470, end=-1&#xD;
Rust Note: col=128, start=31587, end=-1&#xD;
Rust Note: col=384, start=31587, end=-1&#xD;
Rust Note: col=179, start=31704, end=31939&#xD;
Rust Note: col=332, start=31821, end=-1&#xD;
Rust Note: col=332, start=31939, end=-1&#xD;
Rust Note: col=128, start=32056, end=-1&#xD;
Rust Note: col=384, start=32056, end=-1&#xD;
Rust Note: col=179, start=32173, end=32407&#xD;
Rust Note: col=332, start=32290, end=-1&#xD;
Rust Note: col=332, start=32407, end=-1&#xD;
Rust Note: col=25, start=32525, end=-1&#xD;
Rust Note: col=230, start=32525, end=-1&#xD;
Rust Note: col=128, start=32642, end=32876&#xD;
Rust Note: col=384, start=32759, end=-1&#xD;
Rust Note: col=384, start=32876, end=-1&#xD;
Rust Note: col=281, start=32993, end=-1&#xD;
Rust Note: col=486, start=32993, end=-1&#xD;
Rust Note: col=128, start=33110, end=33345&#xD;
Rust Note: col=384, start=33228, end=-1&#xD;
Rust Note: col=384, start=33345, end=-1&#xD;
Rust Note: col=25, start=33462, end=-1&#xD;
Rust Note: col=230, start=33462, end=-1&#xD;
Rust Note: col=128, start=33579, end=33814&#xD;
Rust Note: col=384, start=33696, end=-1&#xD;
Rust Note: col=384, start=33814, end=-1&#xD;
Rust Note: col=281, start=33931, end=-1&#xD;
Rust Note: col=486, start=33931, end=-1&#xD;
Rust Note: col=128, start=34048, end=34282&#xD;
Rust Note: col=384, start=34165, end=-1&#xD;
Rust Note: col=384, start=34282, end=-1&#xD;
Rust Note: col=128, start=34400, end=-1&#xD;
Rust Note: col=230, start=34400, end=-1&#xD;
Rust Note: col=76, start=34517, end=34751&#xD;
Rust Note: col=435, start=34634, end=-1&#xD;
Rust Note: col=435, start=34751, end=-1&#xD;
Rust Note: col=281, start=34868, end=-1&#xD;
Rust Note: col=384, start=34868, end=-1&#xD;
Rust Note: col=76, start=34985, end=35220&#xD;
Rust Note: col=435, start=35103, end=-1&#xD;
Rust Note: col=435, start=35220, end=-1&#xD;
Rust Note: col=128, start=35337, end=-1&#xD;
Rust Note: col=230, start=35337, end=-1&#xD;
Rust Note: col=76, start=35454, end=35689&#xD;
Rust Note: col=435, start=35571, end=-1&#xD;
Rust Note: col=435, start=35689, end=-1&#xD;
Rust Note: col=281, start=35806, end=-1&#xD;
Rust Note: col=384, start=35806, end=-1&#xD;
Rust Note: col=76, start=35923, end=36157&#xD;
Rust Note: col=435, start=36040, end=-1&#xD;
Rust Note: col=435, start=36157, end=-1&#xD;
Rust Note: col=179, start=36275, end=-1&#xD;
Rust Note: col=332, start=36275, end=-1&#xD;
Rust Note: col=25, start=36392, end=36626&#xD;
Rust Note: col=486, start=36509, end=-1&#xD;
Rust Note: col=281, start=36626, end=-1&#xD;
Rust Note: col=128, start=36743, end=-1&#xD;
Rust Note: col=384, start=36743, end=-1&#xD;
Rust Note: col=25, start=36860, end=37095&#xD;
Rust Note: col=486, start=36978, end=-1&#xD;
Rust Note: col=486, start=37095, end=-1&#xD;
Rust Note: col=179, start=37212, end=-1&#xD;
Rust Note: col=332, start=37212, end=-1&#xD;
Rust Note: col=25, start=37329, end=37564&#xD;
Rust Note: col=128, start=37329, end=-1&#xD;
Rust Note: col=384, start=37329, end=-1&#xD;
Rust Note: col=486, start=37446, end=-1&#xD;
Rust Note: col=486, start=37564, end=-1&#xD;
Rust Note: col=128, start=37681, end=-1&#xD;
Rust Note: col=179, start=37681, end=-1&#xD;
Rust Note: col=332, start=37681, end=-1&#xD;
Rust Note: col=384, start=37681, end=-1&#xD;
Rust Note: col=25, start=37798, end=38032&#xD;
Rust Note: col=486, start=37915, end=-1&#xD;
Rust Note: col=486, start=38032, end=-1&#xD;
Rust Note: col=230, start=38150, end=-1&#xD;
Rust Note: col=281, start=38150, end=-1&#xD;
Rust Note: col=332, start=38267, end=38501&#xD;
Rust Note: col=179, start=38384, end=-1&#xD;
Rust Note: col=179, start=38501, end=-1&#xD;
Rust Note: col=25, start=38618, end=-1&#xD;
Rust Note: col=486, start=38618, end=-1&#xD;
Rust Note: col=332, start=38735, end=38970&#xD;
Rust Note: col=179, start=38853, end=-1&#xD;
Rust Note: col=179, start=38970, end=-1&#xD;
Rust Note: col=230, start=39087, end=-1&#xD;
Rust Note: col=281, start=39087, end=-1&#xD;
Rust Note: col=332, start=39204, end=39439&#xD;
Rust Note: col=179, start=39321, end=-1&#xD;
Rust Note: col=179, start=39439, end=-1&#xD;
Rust Note: col=25, start=39556, end=-1&#xD;
Rust Note: col=486, start=39556, end=-1&#xD;
Rust Note: col=332, start=39673, end=39907&#xD;
Rust Note: col=179, start=39790, end=-1&#xD;
Rust Note: col=179, start=39907, end=-1&#xD;
Rust Note: col=76, start=40025, end=-1&#xD;
Rust Note: col=435, start=40025, end=-1&#xD;
Rust Note: col=384, start=40142, end=40376&#xD;
Rust Note: col=128, start=40259, end=-1&#xD;
Rust Note: col=128, start=40376, end=-1&#xD;
Rust Note: col=179, start=40493, end=-1&#xD;
Rust Note: col=332, start=40493, end=-1&#xD;
Rust Note: col=384, start=40610, end=40845&#xD;
Rust Note: col=128, start=40728, end=-1&#xD;
Rust Note: col=128, start=40845, end=-1&#xD;
Rust Note: col=76, start=40962, end=-1&#xD;
Rust Note: col=435, start=40962, end=-1&#xD;
Rust Note: col=384, start=41079, end=41314&#xD;
Rust Note: col=128, start=41196, end=-1&#xD;
Rust Note: col=128, start=41314, end=-1&#xD;
Rust Note: col=179, start=41431, end=-1&#xD;
Rust Note: col=332, start=41431, end=-1&#xD;
Rust Note: col=384, start=41548, end=41782&#xD;
Rust Note: col=128, start=41665, end=-1&#xD;
Rust Note: col=128, start=41782, end=-1&#xD;
Rust Note: col=230, start=41900, end=-1&#xD;
Rust Note: col=332, start=41900, end=-1&#xD;
Rust Note: col=435, start=42017, end=42251&#xD;
Rust Note: col=76, start=42134, end=-1&#xD;
Rust Note: col=76, start=42251, end=-1&#xD;
Rust Note: col=128, start=42368, end=-1&#xD;
Rust Note: col=230, start=42368, end=-1&#xD;
Rust Note: col=332, start=42368, end=-1&#xD;
Rust Note: col=435, start=42485, end=42720&#xD;
Rust Note: col=76, start=42603, end=-1&#xD;
Rust Note: col=76, start=42720, end=-1&#xD;
Rust Note: col=179, start=42837, end=-1&#xD;
Rust Note: col=281, start=42837, end=-1&#xD;
Rust Note: col=435, start=42954, end=43189&#xD;
Rust Note: col=76, start=43071, end=-1&#xD;
Rust Note: col=76, start=43189, end=-1&#xD;
Rust Note: col=179, start=43306, end=-1&#xD;
Rust Note: col=281, start=43306, end=-1&#xD;
Rust Note: col=384, start=43306, end=-1&#xD;
Rust Note: col=435, start=43423, end=43657&#xD;
Rust Note: col=76, start=43540, end=-1&#xD;
Rust Note: col=76, start=43657, end=-1&#xD;
Rust Note: col=332, start=43775, end=-1&#xD;
Rust Note: col=486, start=43892, end=44126&#xD;
Rust Note: col=25, start=44009, end=-1&#xD;
Rust Note: col=25, start=44126, end=-1&#xD;
Rust Note: col=179, start=44243, end=-1&#xD;
Rust Note: col=281, start=44243, end=-1&#xD;
Rust Note: col=384, start=44243, end=-1&#xD;
Rust Note: col=486, start=44360, end=44595&#xD;
Rust Note: col=25, start=44478, end=-1&#xD;
Rust Note: col=25, start=44595, end=-1&#xD;
Rust Note: col=76, start=44712, end=-1&#xD;
Rust Note: col=179, start=44712, end=-1&#xD;
Rust Note: col=281, start=44829, end=-1&#xD;
Rust Note: col=486, start=44829, end=45064&#xD;
Rust Note: col=128, start=44946, end=-1&#xD;
Rust Note: col=230, start=44946, end=-1&#xD;
Rust Note: col=128, start=45181, end=-1&#xD;
Rust Note: col=230, start=45181, end=-1&#xD;
Rust Note: col=332, start=45181, end=-1&#xD;
Rust Note: col=25, start=45650, end=46001&#xD;
Rust Note: col=76, start=45650, end=46001&#xD;
Rust Note: col=230, start=45650, end=-1&#xD;
Rust Note: col=332, start=45650, end=-1&#xD;
Rust Note: col=384, start=45884, end=-1&#xD;
Rust Note: col=179, start=46001, end=46353&#xD;
Rust Note: col=332, start=46001, end=-1&#xD;
Rust Note: col=281, start=46118, end=46353&#xD;
Rust Note: col=435, start=46118, end=-1&#xD;
Rust Note: col=486, start=46118, end=-1&#xD;
Rust Note: col=230, start=46353, end=-1&#xD;
Rust Note: col=332, start=46353, end=-1&#xD;
Rust Note: col=128, start=46587, end=46821&#xD;
Rust Note: col=435, start=46587, end=-1&#xD;
Rust Note: col=281, start=46704, end=46821&#xD;
Rust Note: col=486, start=46704, end=-1&#xD;
Rust Note: col=25, start=46821, end=47056&#xD;
Rust Note: col=332, start=46821, end=-1&#xD;
Rust Note: col=179, start=46939, end=47056&#xD;
Rust Note: col=384, start=46939, end=-1&#xD;
Rust Note: col=435, start=47056, end=-1&#xD;
Rust Note: col=486, start=47056, end=-1&#xD;
Rust Note: col=25, start=47290, end=-1&#xD;
Rust Note: col=179, start=47290, end=-1&#xD;
Rust Note: col=281, start=47290, end=-1&#xD;
Rust Note: col=76, start=47525, end=-1&#xD;
Rust Note: col=281, start=47525, end=47876&#xD;
Rust Note: col=332, start=47525, end=47876&#xD;
Rust Note: col=486, start=47525, end=-1&#xD;
Rust Note: col=128, start=47759, end=-1&#xD;
Rust Note: col=179, start=47876, end=-1&#xD;
Rust Note: col=435, start=47876, end=48228&#xD;
Rust Note: col=25, start=47993, end=-1&#xD;
Rust Note: col=76, start=47993, end=-1&#xD;
Rust Note: col=230, start=47993, end=48228&#xD;
Rust Note: col=128, start=48228, end=-1&#xD;
Rust Note: col=486, start=48228, end=-1&#xD;
Rust Note: col=76, start=48462, end=-1&#xD;
Rust Note: col=384, start=48462, end=48696&#xD;
Rust Note: col=25, start=48579, end=-1&#xD;
Rust Note: col=230, start=48579, end=48696&#xD;
Rust Note: col=179, start=48696, end=-1&#xD;
Rust Note: col=281, start=48696, end=48931&#xD;
Rust Note: col=128, start=48814, end=-1&#xD;
Rust Note: col=435, start=48814, end=48931&#xD;
Rust Note: col=25, start=48931, end=-1&#xD;
Rust Note: col=76, start=48931, end=-1&#xD;
Rust Note: col=128, start=49165, end=-1&#xD;
Rust Note: col=281, start=49165, end=-1&#xD;
Rust Note: col=435, start=49165, end=-1&#xD;
Rust Note: col=25, start=49400, end=49751&#xD;
Rust Note: col=76, start=49400, end=49751&#xD;
Rust Note: col=230, start=49400, end=-1&#xD;
Rust Note: col=332, start=49400, end=-1&#xD;
Rust Note: col=384, start=49634, end=-1&#xD;
Rust Note: col=179, start=49751, end=50103&#xD;
Rust Note: col=332, start=49751, end=-1&#xD;
Rust Note: col=281, start=49868, end=50103&#xD;
Rust Note: col=435, start=49868, end=-1&#xD;
Rust Note: col=486, start=49868, end=-1&#xD;
Rust Note: col=230, start=50103, end=-1&#xD;
Rust Note: col=332, start=50103, end=-1&#xD;
Rust Note: col=128, start=50337, end=50571&#xD;
Rust Note: col=435, start=50337, end=-1&#xD;
Rust Note: col=281, start=50454, end=50571&#xD;
Rust Note: col=486, start=50454, end=-1&#xD;
Rust Note: col=25, start=50571, end=50806&#xD;
Rust Note: col=332, start=50571, end=-1&#xD;
Rust Note: col=179, start=50689, end=50806&#xD;
Rust Note: col=384, start=50689, end=-1&#xD;
Rust Note: col=435, start=50806, end=-1&#xD;
Rust Note: col=486, start=50806, end=-1&#xD;
Rust Note: col=25, start=51040, end=-1&#xD;
Rust Note: col=179, start=51040, end=-1&#xD;
Rust Note: col=281, start=51040, end=-1&#xD;
Rust Note: col=230, start=51275, end=51509&#xD;
Rust Note: col=332, start=51275, end=51509&#xD;
Rust Note: col=486, start=51275, end=-1&#xD;
Rust Note: col=179, start=51509, end=-1&#xD;
Rust Note: col=281, start=51509, end=-1&#xD;
Rust Note: col=128, start=51743, end=51978&#xD;
Rust Note: col=281, start=51743, end=-1&#xD;
Rust Note: col=435, start=51743, end=51978&#xD;
Rust Note: col=76, start=51978, end=-1&#xD;
Rust Note: col=384, start=51978, end=-1&#xD;
Rust Note: col=230, start=52212, end=-1&#xD;
Rust Note: col=332, start=52212, end=-1&#xD;
Rust Note: col=25, start=52329, end=-1&#xD;
Rust Note: col=76, start=52329, end=-1&#xD;
Rust Note: col=128, start=52329, end=-1&#xD;
Rust Note: col=281, start=52446, end=-1&#xD;
Rust Note: col=384, start=52446, end=-1&#xD;
Rust Note: col=25, start=52564, end=-1&#xD;
Rust Note: col=128, start=52564, end=-1&#xD;
Rust Note: col=332, start=52681, end=-1&#xD;
Rust Note: col=384, start=52681, end=-1&#xD;
Rust Note: col=435, start=52681, end=-1&#xD;
Rust Note: col=76, start=52915, end=-1&#xD;
Rust Note: col=179, start=53032, end=-1&#xD;
Rust Note: col=76, start=53150, end=-1&#xD;
Rust Note: col=281, start=53150, end=-1&#xD;
Rust Note: col=332, start=53150, end=-1&#xD;
Rust Note: col=384, start=53150, end=-1&#xD;
Rust Note: col=128, start=53208, end=-1&#xD;
Rust Note: col=230, start=53267, end=53501&#xD;
Rust Note: col=435, start=53384, end=-1&#xD;
Rust Note: col=25, start=53501, end=53853&#xD;
Rust Note: col=179, start=53618, end=-1&#xD;
Rust Note: col=332, start=53618, end=-1&#xD;
Rust Note: col=486, start=53618, end=-1&#xD;
Rust Note: col=281, start=53853, end=-1&#xD;
Rust Note: col=384, start=53853, end=-1&#xD;
Rust Note: col=281, start=54087, end=-1&#xD;
Rust Note: col=332, start=54087, end=-1&#xD;
Rust Note: col=384, start=54087, end=-1&#xD;
Rust Note: col=25, start=54204, end=-1&#xD;
Rust Note: col=128, start=54204, end=-1&#xD;
Rust Note: col=230, start=54321, end=-1&#xD;
Rust Note: col=332, start=54439, end=-1&#xD;
Rust Note: col=179, start=54556, end=-1&#xD;
Rust Note: col=332, start=54556, end=-1&#xD;
Rust Note: col=486, start=54556, end=-1&#xD;
Rust Note: col=76, start=54790, end=-1&#xD;
Rust Note: col=281, start=54790, end=-1&#xD;
Rust Note: col=128, start=55025, end=-1&#xD;
Rust Note: col=179, start=55025, end=-1&#xD;
Rust Note: col=230, start=55025, end=-1&#xD;
Rust Note: col=435, start=55025, end=-1&#xD;
Rust Note: col=384, start=55083, end=-1&#xD;
Rust Note: col=281, start=55142, end=55376&#xD;
Rust Note: col=76, start=55259, end=-1&#xD;
Rust Note: col=486, start=55376, end=55728&#xD;
Rust Note: col=25, start=55493, end=-1&#xD;
Rust Note: col=179, start=55493, end=-1&#xD;
Rust Note: col=332, start=55493, end=-1&#xD;
Rust Note: col=128, start=55728, end=-1&#xD;
Rust Note: col=230, start=55728, end=-1&#xD;
Rust Note: col=128, start=55962, end=-1&#xD;
Rust Note: col=179, start=55962, end=-1&#xD;
Rust Note: col=230, start=55962, end=-1&#xD;
Rust Note: col=384, start=56079, end=-1&#xD;
Rust Note: col=486, start=56079, end=-1&#xD;
Rust Note: col=281, start=56196, end=-1&#xD;
Rust Note: col=179, start=56314, end=-1&#xD;
Rust Note: col=25, start=56431, end=-1&#xD;
Rust Note: col=179, start=56431, end=-1&#xD;
Rust Note: col=332, start=56431, end=-1&#xD;
Rust Note: col=230, start=56665, end=-1&#xD;
Rust Note: col=384, start=56665, end=-1&#xD;
Rust Note: col=76, start=56900, end=-1&#xD;
Rust Note: col=281, start=56900, end=-1&#xD;
Rust Note: col=435, start=56900, end=-1&#xD;
Rust Note: col=128, start=56958, end=-1&#xD;
Rust Note: col=230, start=57017, end=57251&#xD;
Rust Note: col=435, start=57134, end=-1&#xD;
Rust Note: col=332, start=57251, end=57603&#xD;
Rust Note: col=25, start=57368, end=-1&#xD;
Rust Note: col=76, start=57368, end=-1&#xD;
Rust Note: col=128, start=57368, end=-1&#xD;
Rust Note: col=179, start=57603, end=-1&#xD;
Rust Note: col=435, start=57603, end=-1&#xD;
Rust Note: col=128, start=57837, end=-1&#xD;
Rust Note: col=230, start=57837, end=-1&#xD;
Rust Note: col=384, start=57954, end=-1&#xD;
Rust Note: col=486, start=57954, end=-1&#xD;
Rust Note: col=25, start=58071, end=-1&#xD;
Rust Note: col=128, start=58071, end=-1&#xD;
Rust Note: col=281, start=58189, end=-1&#xD;
Rust Note: col=384, start=58189, end=-1&#xD;
Rust Note: col=179, start=58306, end=-1&#xD;
Rust Note: col=332, start=58306, end=-1&#xD;
Rust Note: col=486, start=58306, end=-1&#xD;
Rust Note: col=128, start=58540, end=-1&#xD;
Rust Note: col=281, start=58540, end=-1&#xD;
Rust Note: col=76, start=58775, end=-1&#xD;
Rust Note: col=230, start=58775, end=59126&#xD;
Rust Note: col=435, start=58775, end=-1&#xD;
Rust Note: col=384, start=58833, end=-1&#xD;
Rust Note: col=179, start=59009, end=-1&#xD;
Rust Note: col=128, start=59067, end=-1&#xD;
Rust Note: col=486, start=59126, end=59478&#xD;
Rust Note: col=230, start=59243, end=-1&#xD;
Rust Note: col=332, start=59243, end=-1&#xD;
Rust Note: col=281, start=59302, end=-1&#xD;
Rust Note: col=76, start=59478, end=-1&#xD;
Rust Note: col=25, start=59536, end=-1&#xD;
Rust Note: col=332, start=59595, end=-1&#xD;
Rust Note: col=384, start=59595, end=-1&#xD;
Rust Note: col=435, start=59595, end=-1&#xD;
Rust Note: col=179, start=59712, end=-1&#xD;
Rust Note: col=230, start=59712, end=-1&#xD;
Rust Note: col=281, start=59712, end=-1&#xD;
Rust Note: col=128, start=59829, end=59946&#xD;
Rust Note: col=384, start=59946, end=-1&#xD;
Rust Note: col=435, start=59946, end=-1&#xD;
Rust Note: col=486, start=59946, end=-1&#xD;
Rust Note: col=179, start=60064, end=60181&#xD;
Rust Note: col=332, start=60064, end=60181&#xD;
Rust Note: col=25, start=60181, end=-1&#xD;
Rust Note: col=76, start=60181, end=-1&#xD;
Rust Note: col=128, start=60181, end=-1&#xD;
Rust Note: col=230, start=60298, end=-1&#xD;
Rust Note: col=384, start=60298, end=-1&#xD;
Rust Note: col=281, start=60415, end=60650&#xD;
Rust Note: col=435, start=60415, end=60650&#xD;
Rust Note: col=230, start=60650, end=-1&#xD;
Rust Note: col=332, start=60650, end=-1&#xD;
Rust Note: col=486, start=60650, end=-1&#xD;
Rust Note: col=128, start=60884, end=-1&#xD;
Rust Note: col=435, start=60884, end=-1&#xD;
Rust Note: col=25, start=61001, end=61353&#xD;
Rust Note: col=435, start=61001, end=-1&#xD;
Rust Note: col=230, start=61118, end=-1&#xD;
Rust Note: col=281, start=61118, end=-1&#xD;
Rust Note: col=332, start=61118, end=-1&#xD;
Rust Note: col=179, start=61353, end=-1&#xD;
Rust Note: col=435, start=61353, end=-1&#xD;
Rust Note: col=128, start=61470, end=-1&#xD;
Rust Note: col=435, start=61470, end=-1&#xD;
Rust Note: col=76, start=61587, end=61821&#xD;
Rust Note: col=230, start=61587, end=-1&#xD;
Rust Note: col=332, start=61587, end=-1&#xD;
Rust Note: col=25, start=61821, end=-1&#xD;
Rust Note: col=435, start=61821, end=-1&#xD;
Rust Note: col=76, start=61939, end=-1&#xD;
Rust Note: col=435, start=61939, end=-1&#xD;
Rust Note: col=128, start=62056, end=62407&#xD;
Rust Note: col=230, start=62056, end=-1&#xD;
Rust Note: col=281, start=62056, end=-1&#xD;
Rust Note: col=332, start=62056, end=-1&#xD;
Rust Note: col=435, start=62290, end=-1&#xD;
Rust Note: col=435, start=62407, end=-1&#xD;
Rust Note: col=179, start=62525, end=-1&#xD;
Rust Note: col=384, start=62525, end=-1&#xD;
Rust Note: col=281, start=62583, end=-1&#xD;
Rust Note: col=76, start=62700, end=62993&#xD;
Rust Note: col=179, start=62759, end=-1&#xD;
Rust Note: col=332, start=62759, end=-1&#xD;
Rust Note: col=332, start=62876, end=-1&#xD;
Rust Note: col=25, start=62993, end=63228&#xD;
Rust Note: col=230, start=62993, end=-1&#xD;
Rust Note: col=384, start=62993, end=-1&#xD;
Rust Note: col=486, start=62993, end=-1&#xD;
Rust Note: col=76, start=63169, end=-1&#xD;
Rust Note: col=128, start=63228, end=-1&#xD;
Rust Note: col=332, start=63228, end=-1&#xD;
Rust Note: col=179, start=63345, end=-1&#xD;
Rust Note: col=332, start=63345, end=-1&#xD;
Rust Note: col=76, start=63462, end=-1&#xD;
Rust Note: col=230, start=63462, end=63696&#xD;
Rust Note: col=384, start=63462, end=-1&#xD;
Rust Note: col=128, start=63696, end=63814&#xD;
Rust Note: col=332, start=63696, end=-1&#xD;
Rust Note: col=179, start=63814, end=-1&#xD;
Rust Note: col=332, start=63814, end=-1&#xD;
Rust Note: col=281, start=63872, end=-1&#xD;
Rust Note: col=230, start=63931, end=-1&#xD;
Rust Note: col=384, start=63931, end=-1&#xD;
Rust Note: col=486, start=63931, end=-1&#xD;
Rust Note: col=128, start=64048, end=-1&#xD;
Rust Note: col=25, start=64165, end=-1&#xD;
Rust Note: col=332, start=64165, end=-1&#xD;
Rust Note: col=128, start=64282, end=-1&#xD;
Rust Note: col=332, start=64282, end=-1&#xD;
Rust Note: col=25, start=64400, end=-1&#xD;
Rust Note: col=281, start=64400, end=-1&#xD;
Rust Note: col=486, start=64400, end=-1&#xD;
Rust Note: col=179, start=64634, end=-1&#xD;
Rust Note: col=179, start=64751, end=-1&#xD;
Rust Note: col=25, start=64868, end=-1&#xD;
Rust Note: col=76, start=64868, end=-1&#xD;
Rust Note: col=281, start=64868, end=-1&#xD;
Rust Note: col=384, start=64868, end=64985&#xD;
Rust Note: col=179, start=65103, end=-1&#xD;
Rust Note: col=332, start=65103, end=65220&#xD;
Rust Note: col=179, start=65220, end=-1&#xD;
Rust Note: col=25, start=65337, end=-1&#xD;
Rust Note: col=281, start=65337, end=-1&#xD;
Rust Note: col=486, start=65337, end=65454&#xD;
Rust Note: col=179, start=65571, end=-1&#xD;
Rust Note: col=435, start=65571, end=65689&#xD;
Rust Note: col=179, start=65689, end=-1&#xD;
Rust Note: col=384, start=65689, end=65806&#xD;
Rust Note: col=25, start=65806, end=-1&#xD;
Rust Note: col=76, start=65806, end=-1&#xD;
Rust Note: col=332, start=65806, end=65923&#xD;
Rust Note: col=179, start=66040, end=-1&#xD;
Rust Note: col=281, start=66040, end=66157&#xD;
Rust Note: col=179, start=66157, end=-1&#xD;
Rust Note: col=128, start=66275, end=-1&#xD;
Rust Note: col=384, start=66275, end=66743&#xD;
Rust Note: col=435, start=66275, end=-1&#xD;
Rust Note: col=76, start=66509, end=-1&#xD;
Rust Note: col=76, start=66626, end=-1&#xD;
Rust Note: col=128, start=66743, end=-1&#xD;
Rust Note: col=179, start=66743, end=-1&#xD;
Rust Note: col=281, start=66743, end=-1&#xD;
Rust Note: col=230, start=66802, end=-1&#xD;
Rust Note: col=332, start=66860, end=-1&#xD;
Rust Note: col=384, start=66919, end=-1&#xD;
Rust Note: col=76, start=66978, end=-1&#xD;
Rust Note: col=435, start=66978, end=-1&#xD;
Rust Note: col=486, start=67036, end=67446&#xD;
Rust Note: col=76, start=67095, end=-1&#xD;
Rust Note: col=179, start=67212, end=-1&#xD;
Rust Note: col=435, start=67212, end=-1&#xD;
Rust Note: col=25, start=67329, end=-1&#xD;
Rust Note: col=128, start=67329, end=-1&#xD;
Rust Note: col=76, start=67446, end=-1&#xD;
Rust Note: col=281, start=67446, end=-1&#xD;
Rust Note: col=435, start=67446, end=67915&#xD;
Rust Note: col=179, start=67564, end=-1&#xD;
Rust Note: col=384, start=67564, end=-1&#xD;
Rust Note: col=25, start=67681, end=-1&#xD;
Rust Note: col=128, start=67681, end=-1&#xD;
Rust Note: col=332, start=67681, end=-1&#xD;
Rust Note: col=76, start=67915, end=-1&#xD;
Rust Note: col=76, start=68032, end=-1&#xD;
Rust Note: col=25, start=68150, end=-1&#xD;
Rust Note: col=179, start=68150, end=-1&#xD;
Rust Note: col=281, start=68150, end=-1&#xD;
Rust Note: col=76, start=68384, end=-1&#xD;
Rust Note: col=384, start=68384, end=-1&#xD;
Rust Note: col=76, start=68501, end=-1&#xD;
Rust Note: col=179, start=68618, end=-1&#xD;
Rust Note: col=230, start=68618, end=-1&#xD;
Rust Note: col=281, start=68618, end=-1&#xD;
Rust Note: col=486, start=68618, end=68853&#xD;
Rust Note: col=76, start=68853, end=-1&#xD;
Rust Note: col=332, start=68853, end=-1&#xD;
Rust Note: col=76, start=68970, end=-1&#xD;
Rust Note: col=384, start=68970, end=-1&#xD;
Rust Note: col=179, start=69087, end=-1&#xD;
Rust Note: col=281, start=69087, end=-1&#xD;
Rust Note: col=435, start=69087, end=69321&#xD;
Rust Note: col=76, start=69321, end=-1&#xD;
Rust Note: col=486, start=69321, end=-1&#xD;
Rust Note: col=76, start=69439, end=-1&#xD;
Rust Note: col=435, start=69439, end=-1&#xD;
Rust Note: col=179, start=69556, end=-1&#xD;
Rust Note: col=230, start=69556, end=-1&#xD;
Rust Note: col=281, start=69556, end=-1&#xD;
Rust Note: col=384, start=69556, end=69907&#xD;
Rust Note: col=76, start=69790, end=-1&#xD;
Rust Note: col=76, start=69907, end=-1&#xD;
Rust Note: col=128, start=70025, end=-1&#xD;
Rust Note: col=332, start=70025, end=-1&#xD;
Rust Note: col=230, start=70083, end=-1&#xD;
Rust Note: col=435, start=70200, end=70493&#xD;
Rust Note: col=179, start=70259, end=-1&#xD;
Rust Note: col=332, start=70259, end=-1&#xD;
Rust Note: col=179, start=70376, end=-1&#xD;
Rust Note: col=25, start=70493, end=-1&#xD;
Rust Note: col=128, start=70493, end=-1&#xD;
Rust Note: col=281, start=70493, end=-1&#xD;
Rust Note: col=486, start=70493, end=70728&#xD;
Rust Note: col=435, start=70669, end=-1&#xD;
Rust Note: col=179, start=70728, end=-1&#xD;
Rust Note: col=384, start=70728, end=-1&#xD;
Rust Note: col=179, start=70845, end=-1&#xD;
Rust Note: col=332, start=70845, end=-1&#xD;
Rust Note: col=128, start=70962, end=-1&#xD;
Rust Note: col=281, start=70962, end=-1&#xD;
Rust Note: col=435, start=70962, end=71196&#xD;
Rust Note: col=179, start=71196, end=-1&#xD;
Rust Note: col=384, start=71196, end=71431&#xD;
Rust Note: col=179, start=71314, end=-1&#xD;
Rust Note: col=281, start=71314, end=-1&#xD;
Rust Note: col=230, start=71372, end=-1&#xD;
Rust Note: col=25, start=71431, end=-1&#xD;
Rust Note: col=128, start=71431, end=-1&#xD;
Rust Note: col=332, start=71431, end=71665&#xD;
Rust Note: col=384, start=71548, end=-1&#xD;
Rust Note: col=179, start=71665, end=-1&#xD;
Rust Note: col=281, start=71665, end=71900&#xD;
Rust Note: col=179, start=71782, end=-1&#xD;
Rust Note: col=384, start=71782, end=-1&#xD;
Rust Note: col=25, start=71900, end=-1&#xD;
Rust Note: col=230, start=71900, end=-1&#xD;
Rust Note: col=486, start=71900, end=-1&#xD;
Rust Note: col=435, start=72017, end=-1&#xD;
Rust Note: col=332, start=72134, end=-1&#xD;
Rust Note: col=332, start=72251, end=-1&#xD;
Rust Note: col=128, start=72368, end=72485&#xD;
Rust Note: col=230, start=72368, end=-1&#xD;
Rust Note: col=435, start=72368, end=-1&#xD;
Rust Note: col=486, start=72368, end=-1&#xD;
Rust Note: col=179, start=72603, end=72720&#xD;
Rust Note: col=332, start=72603, end=-1&#xD;
Rust Note: col=128, start=72720, end=72837&#xD;
Rust Note: col=332, start=72720, end=-1&#xD;
Rust Note: col=76, start=72837, end=72954&#xD;
Rust Note: col=230, start=72837, end=-1&#xD;
Rust Note: col=486, start=72837, end=-1&#xD;
Rust Note: col=76, start=73071, end=73189&#xD;
Rust Note: col=332, start=73071, end=-1&#xD;
Rust Note: col=128, start=73189, end=73306&#xD;
Rust Note: col=332, start=73189, end=-1&#xD;
Rust Note: col=179, start=73306, end=73423&#xD;
Rust Note: col=435, start=73306, end=-1&#xD;
Rust Note: col=486, start=73306, end=-1&#xD;
Rust Note: col=230, start=73540, end=73657&#xD;
Rust Note: col=332, start=73540, end=-1&#xD;
Rust Note: col=332, start=73657, end=-1&#xD;
Rust Note: col=76, start=73775, end=-1&#xD;
Rust Note: col=128, start=73775, end=73892&#xD;
Rust Note: col=384, start=73775, end=-1&#xD;
Rust Note: col=25, start=74009, end=74126&#xD;
Rust Note: col=435, start=74009, end=-1&#xD;
Rust Note: col=435, start=74126, end=-1&#xD;
Rust Note: col=230, start=74243, end=74360&#xD;
Rust Note: col=332, start=74243, end=-1&#xD;
Rust Note: col=384, start=74243, end=-1&#xD;
Rust Note: col=281, start=74302, end=-1&#xD;
Rust Note: col=179, start=74360, end=-1&#xD;
Rust Note: col=128, start=74478, end=74946&#xD;
Rust Note: col=435, start=74478, end=-1&#xD;
Rust Note: col=435, start=74595, end=-1&#xD;
Rust Note: col=76, start=74712, end=-1&#xD;
Rust Note: col=332, start=74712, end=-1&#xD;
Rust Note: col=179, start=74829, end=-1&#xD;
Rust Note: col=435, start=74829, end=-1&#xD;
Rust Note: col=230, start=74946, end=-1&#xD;
Rust Note: col=281, start=74946, end=-1&#xD;
Rust Note: col=384, start=74946, end=-1&#xD;
Rust Note: col=128, start=75181, end=-1&#xD;
Rust Note: col=230, start=75181, end=-1&#xD;
Rust Note: col=384, start=75181, end=-1&#xD;
Rust Note: col=486, start=75181, end=-1&#xD;
Rust Note: col=179, start=75650, end=-1&#xD;
Rust Note: col=230, start=75650, end=-1&#xD;
Rust Note: col=332, start=75650, end=-1&#xD;
Rust Note: col=435, start=75650, end=-1&#xD;
Rust Note: col=128, start=75708, end=-1&#xD;
Rust Note: col=76, start=75767, end=75884&#xD;
Rust Note: col=128, start=75884, end=76001&#xD;
Rust Note: col=281, start=75884, end=-1&#xD;
Rust Note: col=384, start=75884, end=-1&#xD;
Rust Note: col=179, start=76001, end=76118&#xD;
Rust Note: col=332, start=76001, end=-1&#xD;
Rust Note: col=435, start=76001, end=-1&#xD;
Rust Note: col=25, start=76118, end=-1&#xD;
Rust Note: col=76, start=76118, end=-1&#xD;
Rust Note: col=230, start=76118, end=-1&#xD;
Rust Note: col=486, start=76118, end=76353&#xD;
Rust Note: col=179, start=76353, end=-1&#xD;
Rust Note: col=281, start=76353, end=-1&#xD;
Rust Note: col=435, start=76353, end=76587&#xD;
Rust Note: col=76, start=76587, end=-1&#xD;
Rust Note: col=128, start=76587, end=-1&#xD;
Rust Note: col=230, start=76587, end=-1&#xD;
Rust Note: col=332, start=76587, end=76939&#xD;
Rust Note: col=384, start=76704, end=-1&#xD;
Rust Note: col=486, start=76704, end=-1&#xD;
Rust Note: col=25, start=76821, end=-1&#xD;
Rust Note: col=128, start=76821, end=-1&#xD;
Rust Note: col=179, start=76939, end=-1&#xD;
Rust Note: col=281, start=76939, end=-1&#xD;
Rust Note: col=25, start=77056, end=-1&#xD;
Rust Note: col=281, start=77056, end=-1&#xD;
Rust Note: col=435, start=77056, end=-1&#xD;
Rust Note: col=486, start=77056, end=-1&#xD;
Rust Note: col=128, start=77290, end=-1&#xD;
Rust Note: col=230, start=77290, end=-1&#xD;
Rust Note: col=332, start=77290, end=77525&#xD;
Rust Note: col=281, start=77525, end=-1&#xD;
Rust Note: col=435, start=77525, end=-1&#xD;
Rust Note: col=486, start=77525, end=-1&#xD;
Rust Note: col=179, start=77583, end=-1&#xD;
Rust Note: col=76, start=77642, end=77759&#xD;
Rust Note: col=179, start=77759, end=77876&#xD;
Rust Note: col=435, start=77759, end=-1&#xD;
Rust Note: col=128, start=77876, end=-1&#xD;
Rust Note: col=281, start=77876, end=77993&#xD;
Rust Note: col=25, start=77993, end=-1&#xD;
Rust Note: col=76, start=77993, end=-1&#xD;
Rust Note: col=179, start=77993, end=-1&#xD;
Rust Note: col=332, start=77993, end=-1&#xD;
Rust Note: col=230, start=78228, end=78462&#xD;
Rust Note: col=332, start=78228, end=78462&#xD;
Rust Note: col=435, start=78228, end=-1&#xD;
Rust Note: col=25, start=78462, end=-1&#xD;
Rust Note: col=128, start=78462, end=-1&#xD;
Rust Note: col=384, start=78579, end=-1&#xD;
Rust Note: col=486, start=78579, end=-1&#xD;
Rust Note: col=179, start=78696, end=-1&#xD;
Rust Note: col=281, start=78696, end=-1&#xD;
Rust Note: col=332, start=78814, end=-1&#xD;
Rust Note: col=435, start=78814, end=-1&#xD;
Rust Note: col=25, start=78931, end=-1&#xD;
Rust Note: col=76, start=78931, end=-1&#xD;
Rust Note: col=230, start=78931, end=-1&#xD;
Rust Note: col=281, start=78931, end=-1&#xD;
Rust Note: col=128, start=79165, end=79400&#xD;
Rust Note: col=230, start=79165, end=-1&#xD;
Rust Note: col=179, start=79400, end=-1&#xD;
Rust Note: col=281, start=79400, end=-1&#xD;
Rust Note: col=332, start=79400, end=-1&#xD;
Rust Note: col=384, start=79458, end=-1&#xD;
Rust Note: col=435, start=79517, end=79634&#xD;
Rust Note: col=128, start=79634, end=-1&#xD;
Rust Note: col=230, start=79634, end=-1&#xD;
Rust Note: col=384, start=79634, end=79751&#xD;
Rust Note: col=76, start=79751, end=-1&#xD;
Rust Note: col=179, start=79751, end=-1&#xD;
Rust Note: col=332, start=79751, end=79868&#xD;
Rust Note: col=25, start=79868, end=80103&#xD;
Rust Note: col=281, start=79868, end=-1&#xD;
Rust Note: col=435, start=79868, end=-1&#xD;
Rust Note: col=76, start=80103, end=80337&#xD;
Rust Note: col=230, start=80103, end=-1&#xD;
Rust Note: col=332, start=80103, end=-1&#xD;
Rust Note: col=486, start=80103, end=-1&#xD;
Rust Note: col=179, start=80337, end=80689&#xD;
Rust Note: col=281, start=80337, end=-1&#xD;
Rust Note: col=384, start=80337, end=-1&#xD;
Rust Note: col=435, start=80337, end=-1&#xD;
Rust Note: col=25, start=80454, end=-1&#xD;
Rust Note: col=128, start=80454, end=-1&#xD;
Rust Note: col=384, start=80571, end=-1&#xD;
Rust Note: col=486, start=80571, end=-1&#xD;
Rust Note: col=230, start=80689, end=-1&#xD;
Rust Note: col=332, start=80689, end=-1&#xD;
Rust Note: col=25, start=80806, end=-1&#xD;
Rust Note: col=76, start=80806, end=-1&#xD;
Rust Note: col=230, start=80806, end=-1&#xD;
Rust Note: col=486, start=80806, end=-1&#xD;
Rust Note: col=179, start=81040, end=81275&#xD;
Rust Note: col=281, start=81040, end=-1&#xD;
Rust Note: col=384, start=81040, end=-1&#xD;
Rust Note: col=25, start=81275, end=-1&#xD;
Rust Note: col=128, start=81275, end=-1&#xD;
Rust Note: col=230, start=81275, end=-1&#xD;
Rust Note: col=332, start=81333, end=-1&#xD;
Rust Note: col=435, start=81392, end=-1&#xD;
Rust Note: col=76, start=81509, end=-1&#xD;
Rust Note: col=179, start=81509, end=-1&#xD;
Rust Note: col=332, start=81509, end=-1&#xD;
Rust Note: col=230, start=81626, end=81743&#xD;
Rust Note: col=128, start=81743, end=-1&#xD;
Rust Note: col=332, start=81743, end=-1&#xD;
Rust Note: col=384, start=81743, end=-1&#xD;
Rust Note: col=435, start=81743, end=-1&#xD;
Rust Note: col=486, start=81802, end=-1&#xD;
Rust Note: col=25, start=81978, end=82212&#xD;
Rust Note: col=76, start=81978, end=-1&#xD;
Rust Note: col=179, start=81978, end=-1&#xD;
Rust Note: col=332, start=81978, end=-1&#xD;
Rust Note: col=230, start=82212, end=-1&#xD;
Rust Note: col=281, start=82212, end=-1&#xD;
Rust Note: col=486, start=82212, end=-1&#xD;
Rust Note: col=76, start=82446, end=-1&#xD;
Rust Note: col=179, start=82446, end=-1&#xD;
Rust Note: col=230, start=82446, end=-1&#xD;
Rust Note: col=435, start=82446, end=-1&#xD;
Rust Note: col=128, start=82681, end=-1&#xD;
Rust Note: col=179, start=82681, end=-1&#xD;
Rust Note: col=332, start=82681, end=-1&#xD;
Rust Note: col=384, start=82681, end=-1&#xD;
Rust Note: col=435, start=82681, end=-1&#xD;
Rust Note: col=281, start=82915, end=83032&#xD;
Rust Note: col=25, start=83032, end=83150&#xD;
Rust Note: col=76, start=83032, end=-1&#xD;
Rust Note: col=128, start=83032, end=-1&#xD;
Rust Note: col=128, start=83150, end=-1&#xD;
Rust Note: col=230, start=83150, end=-1&#xD;
Rust Note: col=435, start=83150, end=-1&#xD;
Rust Note: col=384, start=83208, end=-1&#xD;
Rust Note: col=179, start=83267, end=-1&#xD;
Rust Note: col=281, start=83267, end=-1&#xD;
Rust Note: col=76, start=83384, end=-1&#xD;
Rust Note: col=25, start=83501, end=-1&#xD;
Rust Note: col=332, start=83501, end=-1&#xD;
Rust Note: col=384, start=83560, end=-1&#xD;
Rust Note: col=76, start=83618, end=-1&#xD;
Rust Note: col=128, start=83618, end=-1&#xD;
Rust Note: col=179, start=83618, end=-1&#xD;
Rust Note: col=486, start=83618, end=-1&#xD;
Rust Note: col=332, start=83735, end=-1&#xD;
Rust Note: col=25, start=83853, end=-1&#xD;
Rust Note: col=435, start=83853, end=-1&#xD;
Rust Note: col=76, start=83970, end=-1&#xD;
Rust Note: col=179, start=84087, end=-1&#xD;
Rust Note: col=281, start=84087, end=-1&#xD;
Rust Note: col=486, start=84087, end=-1&#xD;
Rust Note: col=179, start=84204, end=84321&#xD;
Rust Note: col=281, start=84204, end=84321&#xD;
Rust Note: col=25, start=84321, end=-1&#xD;
Rust Note: col=230, start=84321, end=-1&#xD;
Rust Note: col=76, start=84439, end=-1&#xD;
Rust Note: col=281, start=84439, end=-1&#xD;
Rust Note: col=128, start=84556, end=-1&#xD;
Rust Note: col=179, start=84556, end=-1&#xD;
Rust Note: col=332, start=84556, end=-1&#xD;
Rust Note: col=384, start=84556, end=-1&#xD;
Rust Note: col=25, start=84790, end=-1&#xD;
Rust Note: col=230, start=84790, end=-1&#xD;
Rust Note: col=384, start=84790, end=-1&#xD;
Rust Note: col=435, start=84907, end=-1&#xD;
Rust Note: col=230, start=85025, end=-1&#xD;
Rust Note: col=332, start=85025, end=-1&#xD;
Rust Note: col=486, start=85025, end=-1&#xD;
Rust Note: col=179, start=85083, end=-1&#xD;
Rust Note: col=76, start=85142, end=-1&#xD;
Rust Note: col=435, start=85142, end=-1&#xD;
Rust Note: col=128, start=85259, end=-1&#xD;
Rust Note: col=384, start=85259, end=-1&#xD;
Rust Note: col=25, start=85376, end=-1&#xD;
Rust Note: col=486, start=85376, end=-1&#xD;
Rust Note: col=76, start=85493, end=-1&#xD;
Rust Note: col=179, start=85493, end=-1&#xD;
Rust Note: col=332, start=85493, end=-1&#xD;
Rust Note: col=435, start=85493, end=-1&#xD;
Rust Note: col=128, start=85728, end=-1&#xD;
Rust Note: col=384, start=85728, end=-1&#xD;
Rust Note: col=486, start=85728, end=-1&#xD;
Rust Note: col=179, start=85845, end=-1&#xD;
Rust Note: col=230, start=85962, end=-1&#xD;
Rust Note: col=281, start=85962, end=-1&#xD;
Rust Note: col=332, start=85962, end=-1&#xD;
Rust Note: col=230, start=86079, end=86196&#xD;
Rust Note: col=332, start=86079, end=86196&#xD;
Rust Note: col=25, start=86196, end=-1&#xD;
Rust Note: col=128, start=86196, end=-1&#xD;
Rust Note: col=179, start=86314, end=-1&#xD;
Rust Note: col=281, start=86314, end=-1&#xD;
Rust Note: col=76, start=86431, end=-1&#xD;
Rust Note: col=128, start=86431, end=-1&#xD;
Rust Note: col=384, start=86431, end=-1&#xD;
Rust Note: col=435, start=86431, end=-1&#xD;
Rust Note: col=25, start=86665, end=-1&#xD;
Rust Note: col=230, start=86665, end=-1&#xD;
Rust Note: col=384, start=86665, end=-1&#xD;
Rust Note: col=332, start=86782, end=-1&#xD;
Rust Note: col=179, start=86900, end=-1&#xD;
Rust Note: col=384, start=86900, end=-1&#xD;
Rust Note: col=486, start=86900, end=-1&#xD;
Rust Note: col=128, start=86958, end=-1&#xD;
Rust Note: col=76, start=87017, end=-1&#xD;
Rust Note: col=435, start=87017, end=-1&#xD;
Rust Note: col=332, start=87134, end=-1&#xD;
Rust Note: col=281, start=87251, end=-1&#xD;
Rust Note: col=179, start=87310, end=-1&#xD;
Rust Note: col=230, start=87368, end=-1&#xD;
Rust Note: col=332, start=87368, end=-1&#xD;
Rust Note: col=384, start=87368, end=-1&#xD;
Rust Note: col=435, start=87368, end=-1&#xD;
Rust Note: col=76, start=87427, end=-1&#xD;
Rust Note: col=25, start=87485, end=-1&#xD;
Rust Note: col=179, start=87603, end=-1&#xD;
Rust Note: col=281, start=87603, end=-1&#xD;
Rust Note: col=128, start=87720, end=-1&#xD;
Rust Note: col=179, start=87837, end=-1&#xD;
Rust Note: col=332, start=87837, end=-1&#xD;
Rust Note: col=435, start=87837, end=-1&#xD;
Rust Note: col=281, start=87954, end=88071&#xD;
Rust Note: col=486, start=87954, end=88071&#xD;
Rust Note: col=76, start=88071, end=-1&#xD;
Rust Note: col=179, start=88071, end=-1&#xD;
Rust Note: col=332, start=88071, end=-1&#xD;
Rust Note: col=25, start=88189, end=88306&#xD;
Rust Note: col=230, start=88189, end=88306&#xD;
Rust Note: col=76, start=88306, end=-1&#xD;
Rust Note: col=128, start=88306, end=-1&#xD;
Rust Note: col=179, start=88306, end=-1&#xD;
Rust Note: col=281, start=88306, end=-1&#xD;
Rust Note: col=128, start=88540, end=-1&#xD;
Rust Note: col=384, start=88540, end=-1&#xD;
Rust Note: col=76, start=88775, end=-1&#xD;
Rust Note: col=230, start=88775, end=-1&#xD;
Rust Note: col=486, start=88775, end=-1&#xD;
Rust Note: col=435, start=88833, end=-1&#xD;
Rust Note: col=128, start=88892, end=-1&#xD;
Rust Note: col=281, start=88892, end=-1&#xD;
Rust Note: col=230, start=89009, end=-1&#xD;
Rust Note: col=384, start=89009, end=-1&#xD;
Rust Note: col=179, start=89067, end=-1&#xD;
Rust Note: col=25, start=89126, end=-1&#xD;
Rust Note: col=281, start=89126, end=-1&#xD;
Rust Note: col=76, start=89243, end=-1&#xD;
Rust Note: col=179, start=89243, end=-1&#xD;
Rust Note: col=384, start=89243, end=-1&#xD;
Rust Note: col=435, start=89302, end=-1&#xD;
Rust Note: col=486, start=89360, end=-1&#xD;
Rust Note: col=128, start=89478, end=-1&#xD;
Rust Note: col=230, start=89478, end=-1&#xD;
Rust Note: col=76, start=89536, end=-1&#xD;
Rust Note: col=25, start=89595, end=-1&#xD;
Rust Note: col=332, start=89595, end=-1&#xD;
Rust Note: col=384, start=89595, end=-1&#xD;
Rust Note: col=179, start=89712, end=-1&#xD;
Rust Note: col=435, start=89712, end=-1&#xD;
Rust Note: col=486, start=89712, end=-1&#xD;
Rust Note: col=281, start=89829, end=-1&#xD;
Rust Note: col=179, start=89946, end=-1&#xD;
Rust Note: col=230, start=89946, end=-1&#xD;
Rust Note: col=384, start=89946, end=-1&#xD;
Rust Note: col=486, start=90064, end=-1&#xD;
Rust Note: col=76, start=90181, end=-1&#xD;
Rust Note: col=128, start=90181, end=-1&#xD;
Rust Note: col=179, start=90181, end=-1&#xD;
Rust Note: col=230, start=90181, end=-1&#xD;
Rust Note: col=281, start=90298, end=-1&#xD;
Rust Note: col=332, start=90298, end=-1&#xD;
Rust Note: col=384, start=90298, end=-1&#xD;
Rust Note: col=435, start=90298, end=-1&#xD;
Rust Note: col=25, start=90415, end=-1&#xD;
Rust Note: col=76, start=90415, end=-1&#xD;
Rust Note: col=128, start=90415, end=-1&#xD;
Rust Note: col=179, start=90415, end=-1&#xD;
Rust Note: col=332, start=90532, end=-1&#xD;
Rust Note: col=384, start=90532, end=-1&#xD;
Rust Note: col=435, start=90532, end=-1&#xD;
Rust Note: col=486, start=90532, end=-1&#xD;
Rust Note: col=25, start=90650, end=90884&#xD;
Rust Note: col=128, start=90650, end=90884&#xD;
Rust Note: col=76, start=90884, end=-1&#xD;
Rust Note: col=179, start=90884, end=-1&#xD;
Rust Note: col=332, start=90884, end=-1&#xD;
Rust Note: col=128, start=91001, end=-1&#xD;
Rust Note: col=230, start=91001, end=-1&#xD;
Rust Note: col=384, start=91001, end=-1&#xD;
Rust Note: col=179, start=91118, end=91353&#xD;
Rust Note: col=281, start=91118, end=91353&#xD;
Rust Note: col=435, start=91118, end=91353&#xD;
Rust Note: col=332, start=91235, end=-1&#xD;
Rust Note: col=25, start=91353, end=91587&#xD;
Rust Note: col=128, start=91353, end=91587&#xD;
Rust Note: col=384, start=91353, end=91587&#xD;
Rust Note: col=230, start=91587, end=-1&#xD;
Rust Note: col=332, start=91587, end=-1&#xD;
Rust Note: col=486, start=91587, end=91821&#xD;
Rust Note: col=230, start=91704, end=-1&#xD;
Rust Note: col=332, start=91704, end=-1&#xD;
Rust Note: col=281, start=91821, end=92056&#xD;
Rust Note: col=384, start=91821, end=92056&#xD;
Rust Note: col=179, start=92056, end=-1&#xD;
Rust Note: col=435, start=92056, end=92290&#xD;
Rust Note: col=179, start=92173, end=-1&#xD;
Rust Note: col=281, start=92173, end=-1&#xD;
Rust Note: col=230, start=92290, end=92525&#xD;
Rust Note: col=332, start=92290, end=92525&#xD;
Rust Note: col=25, start=92525, end=92759&#xD;
Rust Note: col=179, start=92525, end=92759&#xD;
Rust Note: col=384, start=92759, end=-1&#xD;
Rust Note: col=486, start=92759, end=-1&#xD;
Rust Note: col=332, start=92876, end=-1&#xD;
Rust Note: col=435, start=92876, end=-1&#xD;
Rust Note: col=25, start=92993, end=93110&#xD;
Rust Note: col=179, start=92993, end=93110&#xD;
Rust Note: col=281, start=92993, end=-1&#xD;
Rust Note: col=384, start=92993, end=-1&#xD;
Rust Note: col=486, start=93110, end=-1&#xD;
Rust Note: col=76, start=93228, end=93462&#xD;
Rust Note: col=230, start=93228, end=93462&#xD;
Rust Note: col=281, start=93228, end=-1&#xD;
Rust Note: col=128, start=93462, end=-1&#xD;
Rust Note: col=179, start=93462, end=-1&#xD;
Rust Note: col=332, start=93462, end=-1&#xD;
Rust Note: col=435, start=93462, end=-1&#xD;
Rust Note: col=486, start=93579, end=-1&#xD;
Rust Note: col=76, start=93696, end=-1&#xD;
Rust Note: col=128, start=93696, end=-1&#xD;
Rust Note: col=332, start=93696, end=-1&#xD;
Rust Note: col=25, start=93931, end=-1&#xD;
Rust Note: col=76, start=93931, end=-1&#xD;
Rust Note: col=281, start=93931, end=-1&#xD;
Rust Note: col=384, start=93931, end=-1&#xD;
Rust Note: col=435, start=94048, end=-1&#xD;
Rust Note: col=486, start=94165, end=-1&#xD;
Rust Note: col=179, start=94400, end=-1&#xD;
Rust Note: col=384, start=94400, end=94634&#xD;
Rust Note: col=486, start=94400, end=94634&#xD;
Rust Note: col=128, start=94517, end=-1&#xD;
Rust Note: col=179, start=94634, end=-1&#xD;
Rust Note: col=332, start=94634, end=-1&#xD;
Rust Note: col=435, start=94634, end=-1&#xD;
Rust Note: col=128, start=94751, end=-1&#xD;
Rust Note: col=281, start=94751, end=-1&#xD;
Rust Note: col=384, start=94751, end=-1&#xD;
Rust Note: col=76, start=94868, end=95103&#xD;
Rust Note: col=230, start=94868, end=95103&#xD;
Rust Note: col=332, start=94868, end=95103&#xD;
Rust Note: col=179, start=94985, end=-1&#xD;
Rust Note: col=128, start=95103, end=95337&#xD;
Rust Note: col=384, start=95103, end=95337&#xD;
Rust Note: col=486, start=95103, end=95337&#xD;
Rust Note: col=25, start=95337, end=95571&#xD;
Rust Note: col=179, start=95337, end=-1&#xD;
Rust Note: col=281, start=95337, end=-1&#xD;
Rust Note: col=179, start=95454, end=-1&#xD;
Rust Note: col=281, start=95454, end=-1&#xD;
Rust Note: col=128, start=95571, end=95806&#xD;
Rust Note: col=230, start=95571, end=95806&#xD;
Rust Note: col=76, start=95806, end=96040&#xD;
Rust Note: col=332, start=95806, end=-1&#xD;
Rust Note: col=230, start=95923, end=-1&#xD;
Rust Note: col=332, start=95923, end=-1&#xD;
Rust Note: col=179, start=96040, end=96275&#xD;
Rust Note: col=281, start=96040, end=96275&#xD;
Rust Note: col=230, start=96275, end=-1&#xD;
Rust Note: col=332, start=96275, end=96509&#xD;
Rust Note: col=486, start=96275, end=96509&#xD;
Rust Note: col=76, start=96392, end=-1&#xD;
Rust Note: col=25, start=96509, end=-1&#xD;
Rust Note: col=128, start=96509, end=-1&#xD;
Rust Note: col=76, start=96626, end=-1&#xD;
Rust Note: col=179, start=96626, end=-1&#xD;
Rust Note: col=128, start=96743, end=-1&#xD;
Rust Note: col=230, start=96743, end=-1&#xD;
Rust Note: col=332, start=96743, end=96860&#xD;
Rust Note: col=486, start=96743, end=96860&#xD;
Rust Note: col=25, start=96860, end=-1&#xD;
Rust Note: col=230, start=96978, end=-1&#xD;
Rust Note: col=281, start=96978, end=97212&#xD;
Rust Note: col=435, start=96978, end=97212&#xD;
Rust Note: col=76, start=97212, end=-1&#xD;
Rust Note: col=179, start=97212, end=-1&#xD;
Rust Note: col=332, start=97212, end=-1&#xD;
Rust Note: col=384, start=97212, end=-1&#xD;
Rust Note: col=25, start=97329, end=-1&#xD;
Rust Note: col=179, start=97446, end=-1&#xD;
Rust Note: col=384, start=97446, end=-1&#xD;
Rust Note: col=435, start=97446, end=-1&#xD;
Rust Note: col=76, start=97564, end=-1&#xD;
Rust Note: col=128, start=97681, end=-1&#xD;
Rust Note: col=230, start=97681, end=-1&#xD;
Rust Note: col=435, start=97681, end=-1&#xD;
Rust Note: col=486, start=97681, end=-1&#xD;
Rust Note: col=281, start=97798, end=-1&#xD;
Rust Note: col=25, start=97915, end=-1&#xD;
Rust Note: col=76, start=98032, end=-1&#xD;
Rust Note: col=179, start=98032, end=-1&#xD;
Rust Note: col=128, start=98150, end=-1&#xD;
Rust Note: col=230, start=98150, end=-1&#xD;
Rust Note: col=384, start=98150, end=-1&#xD;
Rust Note: col=435, start=98150, end=-1&#xD;
Rust Note: col=281, start=98267, end=-1&#xD;
Rust Note: col=76, start=98384, end=98618&#xD;
Rust Note: col=179, start=98384, end=98618&#xD;
Rust Note: col=332, start=98384, end=-1&#xD;
Rust Note: col=281, start=98501, end=-1&#xD;
Rust Note: col=128, start=98618, end=-1&#xD;
Rust Note: col=230, start=98618, end=-1&#xD;
Rust Note: col=384, start=98618, end=-1&#xD;
Rust Note: col=486, start=98618, end=-1&#xD;
Rust Note: col=76, start=98735, end=-1&#xD;
Rust Note: col=179, start=98735, end=-1&#xD;
Rust Note: col=25, start=98853, end=99087&#xD;
Rust Note: col=128, start=98853, end=99087&#xD;
Rust Note: col=179, start=99087, end=-1&#xD;
Rust Note: col=230, start=99087, end=-1&#xD;
Rust Note: col=332, start=99087, end=-1&#xD;
Rust Note: col=435, start=99087, end=-1&#xD;
Rust Note: col=384, start=99204, end=-1&#xD;
Rust Note: col=486, start=99204, end=-1&#xD;
Rust Note: col=332, start=99321, end=-1&#xD;
Rust Note: col=435, start=99321, end=-1&#xD;
Rust Note: col=179, start=99556, end=-1&#xD;
Rust Note: col=281, start=99556, end=-1&#xD;
Rust Note: col=435, start=99556, end=-1&#xD;
Rust Note: col=486, start=99556, end=-1&#xD;
Rust Note: col=128, start=99673, end=-1&#xD;
Rust Note: col=230, start=99673, end=-1&#xD;
Rust Note: col=179, start=99790, end=-1&#xD;
Rust Note: col=281, start=99790, end=-1&#xD;
Rust Note: col=25, start=100025, end=-1&#xD;
Rust Note: col=128, start=100025, end=-1&#xD;
Rust Note: col=384, start=100025, end=-1&#xD;
Rust Note: col=435, start=100025, end=-1&#xD;
Rust Note: col=230, start=100142, end=-1&#xD;
Rust Note: col=76, start=100259, end=100493&#xD;
Rust Note: col=179, start=100259, end=100493&#xD;
Rust Note: col=332, start=100259, end=-1&#xD;
Rust Note: col=281, start=100376, end=-1&#xD;
Rust Note: col=25, start=100493, end=-1&#xD;
Rust Note: col=128, start=100493, end=-1&#xD;
Rust Note: col=384, start=100493, end=-1&#xD;
Rust Note: col=486, start=100493, end=-1&#xD;
Rust Note: col=76, start=100610, end=-1&#xD;
Rust Note: col=179, start=100610, end=-1&#xD;
Rust Note: col=128, start=100728, end=100962&#xD;
Rust Note: col=230, start=100728, end=100962&#xD;
Rust Note: col=25, start=100962, end=-1&#xD;
Rust Note: col=76, start=100962, end=-1&#xD;
Rust Note: col=332, start=100962, end=-1&#xD;
Rust Note: col=384, start=100962, end=-1&#xD;
Rust Note: col=281, start=101079, end=-1&#xD;
Rust Note: col=76, start=101196, end=-1&#xD;
Rust Note: col=128, start=101196, end=-1&#xD;
Rust Note: col=384, start=101196, end=-1&#xD;
Rust Note: col=435, start=101196, end=-1&#xD;
Rust Note: col=128, start=101431, end=-1&#xD;
Rust Note: col=179, start=101431, end=-1&#xD;
Rust Note: col=435, start=101431, end=-1&#xD;
Rust Note: col=486, start=101431, end=-1&#xD;
Rust Note: col=281, start=101548, end=-1&#xD;
Rust Note: col=76, start=101900, end=-1&#xD;
Rust Note: col=128, start=101900, end=-1&#xD;
Rust Note: col=281, start=101900, end=-1&#xD;
Rust Note: col=384, start=101900, end=-1&#xD;
Rust Note: col=230, start=102017, end=-1&#xD;
Rust Note: col=179, start=102134, end=-1&#xD;
Rust Note: col=332, start=102134, end=102368&#xD;
Rust Note: col=435, start=102134, end=102368&#xD;
Rust Note: col=230, start=102251, end=-1&#xD;
Rust Note: col=25, start=102368, end=-1&#xD;
Rust Note: col=128, start=102368, end=-1&#xD;
Rust Note: col=281, start=102368, end=-1&#xD;
Rust Note: col=384, start=102368, end=-1&#xD;
Rust Note: col=332, start=102485, end=-1&#xD;
Rust Note: col=435, start=102485, end=-1&#xD;
Rust Note: col=384, start=102603, end=102837&#xD;
Rust Note: col=486, start=102603, end=102837&#xD;
Rust Note: col=76, start=102837, end=-1&#xD;
Rust Note: col=179, start=102837, end=-1&#xD;
Rust Note: col=281, start=102837, end=-1&#xD;
Rust Note: col=332, start=102837, end=-1&#xD;
Rust Note: col=25, start=102954, end=-1&#xD;
Rust Note: col=128, start=102954, end=-1&#xD;
Rust Note: col=76, start=103071, end=-1&#xD;
Rust Note: col=179, start=103071, end=-1&#xD;
Rust Note: col=25, start=103306, end=-1&#xD;
Rust Note: col=76, start=103306, end=-1&#xD;
Rust Note: col=230, start=103306, end=-1&#xD;
Rust Note: col=332, start=103306, end=-1&#xD;
Rust Note: col=281, start=103423, end=-1&#xD;
Rust Note: col=384, start=103423, end=-1&#xD;
Rust Note: col=230, start=103540, end=-1&#xD;
Rust Note: col=332, start=103540, end=-1&#xD;
Rust Note: col=76, start=103775, end=-1&#xD;
Rust Note: col=128, start=103775, end=-1&#xD;
Rust Note: col=384, start=103775, end=-1&#xD;
Rust Note: col=486, start=103775, end=-1&#xD;
Rust Note: col=281, start=103892, end=-1&#xD;
Rust Note: col=179, start=104009, end=-1&#xD;
Rust Note: col=332, start=104009, end=104243&#xD;
Rust Note: col=435, start=104009, end=104243&#xD;
Rust Note: col=230, start=104126, end=-1&#xD;
Rust Note: col=25, start=104243, end=-1&#xD;
Rust Note: col=128, start=104243, end=-1&#xD;
Rust Note: col=384, start=104243, end=-1&#xD;
Rust Note: col=486, start=104243, end=-1&#xD;
Rust Note: col=332, start=104360, end=-1&#xD;
Rust Note: col=435, start=104360, end=-1&#xD;
Rust Note: col=281, start=104478, end=104712&#xD;
Rust Note: col=384, start=104478, end=104712&#xD;
Rust Note: col=128, start=104712, end=-1&#xD;
Rust Note: col=179, start=104712, end=-1&#xD;
Rust Note: col=435, start=104712, end=-1&#xD;
Rust Note: col=486, start=104712, end=-1&#xD;
Rust Note: col=230, start=104829, end=-1&#xD;
Rust Note: col=76, start=104946, end=-1&#xD;
Rust Note: col=128, start=104946, end=-1&#xD;
Rust Note: col=384, start=104946, end=-1&#xD;
Rust Note: col=435, start=104946, end=-1&#xD;
Rust Note: col=25, start=105181, end=-1&#xD;
Rust Note: col=76, start=105181, end=-1&#xD;
Rust Note: col=332, start=105181, end=-1&#xD;
Rust Note: col=384, start=105181, end=-1&#xD;
Rust Note: col=179, start=105298, end=-1&#xD;
Rust Note: col=230, start=105298, end=-1&#xD;
Rust Note: col=281, start=105298, end=-1&#xD;
Rust Note: col=384, start=105415, end=-1&#xD;
Rust Note: col=435, start=105415, end=-1&#xD;
Rust Note: col=486, start=105415, end=-1&#xD;
Rust Note: col=179, start=105532, end=-1&#xD;
Rust Note: col=230, start=105532, end=-1&#xD;
Rust Note: col=281, start=105532, end=-1&#xD;
Rust Note: col=76, start=105650, end=-1&#xD;
Rust Note: col=128, start=105650, end=-1&#xD;
Rust Note: col=25, start=106118, end=-1&#xD;
Rust Note: col=76, start=106118, end=-1&#xD;
Rust Note: col=128, start=106118, end=-1&#xD;
Rust Note: col=179, start=106118, end=-1&#xD;
Rust Note: col=25, start=106587, end=-1&#xD;
Rust Note: col=76, start=106587, end=-1&#xD;
Rust Note: col=128, start=106587, end=-1&#xD;
Rust Note: col=179, start=106587, end=-1&#xD;
Rust Note: col=25, start=106939, end=-1&#xD;
Rust Note: col=76, start=106939, end=-1&#xD;
Rust Note: col=128, start=106939, end=-1&#xD;
Rust Note: col=179, start=106939, end=-1&#xD;
Rust Note: col=25, start=107290, end=-1&#xD;
Rust Note: col=76, start=107290, end=-1&#xD;
Rust Note: col=128, start=107290, end=-1&#xD;
Rust Note: col=128, start=107525, end=-1&#xD;
Rust Note: col=179, start=107525, end=-1&#xD;
Rust Note: col=230, start=107525, end=-1&#xD;
Rust Note: col=281, start=107525, end=-1&#xD;
Rust Note: col=128, start=107993, end=-1&#xD;
Rust Note: col=179, start=107993, end=-1&#xD;
Rust Note: col=230, start=107993, end=-1&#xD;
Rust Note: col=281, start=107993, end=-1&#xD;
Rust Note: col=128, start=108462, end=-1&#xD;
Rust Note: col=179, start=108462, end=-1&#xD;
Rust Note: col=230, start=108462, end=-1&#xD;
Rust Note: col=281, start=108462, end=-1&#xD;
Rust Note: col=128, start=108814, end=-1&#xD;
Rust Note: col=179, start=108814, end=-1&#xD;
Rust Note: col=230, start=108814, end=-1&#xD;
Rust Note: col=281, start=108814, end=-1&#xD;
Rust Note: col=128, start=109165, end=-1&#xD;
Rust Note: col=179, start=109165, end=-1&#xD;
Rust Note: col=230, start=109165, end=-1&#xD;
Rust Note: col=281, start=109165, end=-1&#xD;
Rust Note: col=230, start=109400, end=-1&#xD;
Rust Note: col=281, start=109400, end=-1&#xD;
Rust Note: col=332, start=109400, end=-1&#xD;
Rust Note: col=384, start=109400, end=-1&#xD;
Rust Note: col=230, start=109868, end=-1&#xD;
Rust Note: col=281, start=109868, end=-1&#xD;
Rust Note: col=332, start=109868, end=-1&#xD;
Rust Note: col=384, start=109868, end=-1&#xD;
Rust Note: col=230, start=110337, end=-1&#xD;
Rust Note: col=281, start=110337, end=-1&#xD;
Rust Note: col=332, start=110337, end=-1&#xD;
Rust Note: col=384, start=110337, end=-1&#xD;
Rust Note: col=230, start=110689, end=-1&#xD;
Rust Note: col=281, start=110689, end=-1&#xD;
Rust Note: col=332, start=110689, end=-1&#xD;
Rust Note: col=384, start=110689, end=-1&#xD;
Rust Note: col=230, start=111040, end=-1&#xD;
Rust Note: col=281, start=111040, end=-1&#xD;
Rust Note: col=332, start=111040, end=-1&#xD;
Rust Note: col=384, start=111040, end=-1&#xD;
Rust Note: col=332, start=111275, end=-1&#xD;
Rust Note: col=384, start=111275, end=-1&#xD;
Rust Note: col=435, start=111275, end=-1&#xD;
Rust Note: col=486, start=111275, end=-1&#xD;
Rust Note: col=332, start=111743, end=-1&#xD;
Rust Note: col=384, start=111743, end=-1&#xD;
Rust Note: col=435, start=111743, end=-1&#xD;
Rust Note: col=486, start=111743, end=-1&#xD;
Rust Note: col=332, start=112212, end=-1&#xD;
Rust Note: col=384, start=112212, end=-1&#xD;
Rust Note: col=435, start=112212, end=-1&#xD;
Rust Note: col=486, start=112212, end=-1&#xD;
Rust Note: col=332, start=112564, end=-1&#xD;
Rust Note: col=384, start=112564, end=-1&#xD;
Rust Note: col=435, start=112564, end=-1&#xD;
Rust Note: col=486, start=112564, end=-1&#xD;
Rust Note: col=332, start=112915, end=-1&#xD;
Rust Note: col=384, start=112915, end=-1&#xD;
Rust Note: col=435, start=112915, end=-1&#xD;
Rust Note: col=486, start=112915, end=-1&#xD;
Rust Note: col=25, start=113150, end=-1&#xD;
Rust Note: col=76, start=113150, end=-1&#xD;
Rust Note: col=128, start=113150, end=-1&#xD;
Rust Note: col=179, start=113150, end=-1&#xD;
Rust Note: col=25, start=113384, end=-1&#xD;
Rust Note: col=76, start=113384, end=-1&#xD;
Rust Note: col=128, start=113384, end=-1&#xD;
Rust Note: col=179, start=113384, end=-1&#xD;
Rust Note: col=230, start=113618, end=-1&#xD;
Rust Note: col=281, start=113618, end=-1&#xD;
Rust Note: col=384, start=113618, end=-1&#xD;
Rust Note: col=435, start=113618, end=-1&#xD;
Rust Note: col=25, start=113853, end=-1&#xD;
Rust Note: col=76, start=113853, end=-1&#xD;
Rust Note: col=128, start=113853, end=-1&#xD;
Rust Note: col=179, start=113853, end=-1&#xD;
Rust Note: col=230, start=114087, end=-1&#xD;
Rust Note: col=281, start=114087, end=-1&#xD;
Rust Note: col=384, start=114087, end=-1&#xD;
Rust Note: col=435, start=114087, end=-1&#xD;
Rust Note: col=25, start=114321, end=-1&#xD;
Rust Note: col=76, start=114321, end=-1&#xD;
Rust Note: col=128, start=114321, end=-1&#xD;
Rust Note: col=179, start=114321, end=-1&#xD;
Rust Note: col=230, start=114439, end=-1&#xD;
Rust Note: col=281, start=114439, end=-1&#xD;
Rust Note: col=384, start=114439, end=-1&#xD;
Rust Note: col=435, start=114439, end=-1&#xD;
Rust Note: col=25, start=114790, end=-1&#xD;
Rust Note: col=76, start=114790, end=-1&#xD;
Rust Note: col=128, start=114790, end=-1&#xD;
Rust Note: col=179, start=114790, end=-1&#xD;
Rust Note: col=128, start=115025, end=-1&#xD;
Rust Note: col=179, start=115025, end=-1&#xD;
Rust Note: col=230, start=115025, end=-1&#xD;
Rust Note: col=281, start=115025, end=-1&#xD;
Rust Note: col=128, start=115259, end=-1&#xD;
Rust Note: col=179, start=115259, end=-1&#xD;
Rust Note: col=230, start=115259, end=-1&#xD;
Rust Note: col=281, start=115259, end=-1&#xD;
Rust Note: col=25, start=115493, end=-1&#xD;
Rust Note: col=76, start=115493, end=-1&#xD;
Rust Note: col=332, start=115493, end=-1&#xD;
Rust Note: col=384, start=115493, end=-1&#xD;
Rust Note: col=128, start=115728, end=-1&#xD;
Rust Note: col=179, start=115728, end=-1&#xD;
Rust Note: col=230, start=115728, end=-1&#xD;
Rust Note: col=281, start=115728, end=-1&#xD;
Rust Note: col=25, start=115962, end=-1&#xD;
Rust Note: col=76, start=115962, end=-1&#xD;
Rust Note: col=332, start=115962, end=-1&#xD;
Rust Note: col=384, start=115962, end=-1&#xD;
Rust Note: col=128, start=116196, end=-1&#xD;
Rust Note: col=179, start=116196, end=-1&#xD;
Rust Note: col=230, start=116196, end=-1&#xD;
Rust Note: col=281, start=116196, end=-1&#xD;
Rust Note: col=128, start=116314, end=-1&#xD;
Rust Note: col=179, start=116314, end=-1&#xD;
Rust Note: col=230, start=116314, end=-1&#xD;
Rust Note: col=281, start=116314, end=-1&#xD;
Rust Note: col=128, start=116665, end=-1&#xD;
Rust Note: col=179, start=116665, end=-1&#xD;
Rust Note: col=230, start=116665, end=-1&#xD;
Rust Note: col=281, start=116665, end=-1&#xD;
Rust Note: col=230, start=116900, end=-1&#xD;
Rust Note: col=281, start=116900, end=-1&#xD;
Rust Note: col=332, start=116900, end=-1&#xD;
Rust Note: col=384, start=116900, end=-1&#xD;
Rust Note: col=230, start=117251, end=-1&#xD;
Rust Note: col=281, start=117251, end=-1&#xD;
Rust Note: col=332, start=117251, end=-1&#xD;
Rust Note: col=384, start=117251, end=-1&#xD;
Rust Note: col=76, start=117368, end=-1&#xD;
Rust Note: col=128, start=117368, end=-1&#xD;
Rust Note: col=435, start=117368, end=-1&#xD;
Rust Note: col=486, start=117368, end=-1&#xD;
Rust Note: col=230, start=117603, end=-1&#xD;
Rust Note: col=281, start=117603, end=-1&#xD;
Rust Note: col=332, start=117603, end=-1&#xD;
Rust Note: col=384, start=117603, end=-1&#xD;
Rust Note: col=76, start=117837, end=-1&#xD;
Rust Note: col=128, start=117837, end=-1&#xD;
Rust Note: col=435, start=117837, end=-1&#xD;
Rust Note: col=486, start=117837, end=-1&#xD;
Rust Note: col=230, start=117954, end=-1&#xD;
Rust Note: col=281, start=117954, end=-1&#xD;
Rust Note: col=332, start=117954, end=-1&#xD;
Rust Note: col=384, start=117954, end=-1&#xD;
Rust Note: col=179, start=118189, end=-1&#xD;
Rust Note: col=230, start=118306, end=-1&#xD;
Rust Note: col=281, start=118306, end=-1&#xD;
Rust Note: col=332, start=118306, end=-1&#xD;
Rust Note: col=384, start=118306, end=-1&#xD;
Rust Note: col=76, start=118540, end=-1&#xD;
Rust Note: col=128, start=118540, end=-1&#xD;
Rust Note: col=435, start=118540, end=-1&#xD;
Rust Note: col=486, start=118540, end=-1&#xD;
Rust Note: col=230, start=118657, end=-1&#xD;
Rust Note: col=281, start=118657, end=-1&#xD;
Rust Note: col=332, start=118657, end=-1&#xD;
Rust Note: col=384, start=118657, end=-1&#xD;
Rust Note: col=25, start=118775, end=-1&#xD;
Rust Note: col=76, start=118775, end=-1&#xD;
Rust Note: col=128, start=118775, end=-1&#xD;
Rust Note: col=179, start=118775, end=-1&#xD;
Rust Note: col=332, start=119009, end=-1&#xD;
Rust Note: col=384, start=119009, end=-1&#xD;
Rust Note: col=435, start=119009, end=-1&#xD;
Rust Note: col=486, start=119009, end=-1&#xD;
Rust Note: col=230, start=119126, end=-1&#xD;
Rust Note: col=25, start=119243, end=-1&#xD;
Rust Note: col=76, start=119243, end=-1&#xD;
Rust Note: col=128, start=119243, end=-1&#xD;
Rust Note: col=179, start=119243, end=-1&#xD;
Rust Note: col=332, start=119360, end=-1&#xD;
Rust Note: col=384, start=119360, end=-1&#xD;
Rust Note: col=435, start=119360, end=-1&#xD;
Rust Note: col=486, start=119360, end=-1&#xD;
Rust Note: col=281, start=119478, end=-1&#xD;
Rust Note: col=230, start=119712, end=-1&#xD;
Rust Note: col=384, start=119712, end=-1&#xD;
Rust Note: col=435, start=119712, end=-1&#xD;
Rust Note: col=486, start=119712, end=-1&#xD;
Rust Note: col=25, start=119829, end=-1&#xD;
Rust Note: col=76, start=119829, end=-1&#xD;
Rust Note: col=128, start=119829, end=-1&#xD;
Rust Note: col=179, start=119829, end=-1&#xD;
Rust Note: col=281, start=119829, end=-1&#xD;
Rust Note: col=230, start=119946, end=-1&#xD;
Rust Note: col=332, start=119946, end=-1&#xD;
Rust Note: col=435, start=119946, end=-1&#xD;
Rust Note: col=486, start=120064, end=-1&#xD;
Rust Note: col=128, start=120181, end=-1&#xD;
Rust Note: col=230, start=120181, end=-1&#xD;
Rust Note: col=332, start=120181, end=-1&#xD;
Rust Note: col=384, start=120298, end=-1&#xD;
Rust Note: col=435, start=120415, end=-1&#xD;
Rust Note: col=25, start=120650, end=-1&#xD;
Rust Note: col=179, start=120650, end=-1&#xD;
Rust Note: col=332, start=120650, end=-1&#xD;
Rust Note: col=25, start=120884, end=-1&#xD;
Rust Note: col=179, start=120884, end=-1&#xD;
Rust Note: col=332, start=120884, end=-1&#xD;
Rust Note: col=76, start=121001, end=121235&#xD;
Rust Note: col=230, start=121001, end=121235&#xD;
Rust Note: col=384, start=121001, end=-1&#xD;
[...]
Rust Note: col=0, start=139868, end=140103&#xD;
Rust Note: col=0, start=140103, end=140337&#xD;
Rust Note: col=1, start=140103, end=-1&#xD;
Rust Note: col=3, start=140103, end=-1&#xD;
Rust Note: col=2, start=140220, end=-1&#xD;
Rust Note: col=4, start=140220, end=-1&#xD;
Rust Note: col=1, start=140337, end=-1&#xD;
Rust Note: col=3, start=140337, end=-1&#xD;
Rust Note: col=0, start=140454, end=-1&#xD;
Rust Note: col=2, start=140454, end=-1&#xD;
Rust Note: col=0, start=140571, end=140806&#xD;
Rust Note: col=3, start=140571, end=-1&#xD;
Rust Note: col=6, start=140689, end=-1&#xD;
Rust Note: col=8, start=140689, end=-1&#xD;
Rust Note: col=0, start=140806, end=141040&#xD;
Rust Note: col=5, start=140806, end=-1&#xD;
Rust Note: col=7, start=140923, end=-1&#xD;
Rust Note: col=9, start=140923, end=-1&#xD;
Rust Note: col=0, start=141040, end=141275&#xD;
Rust Note: col=2, start=141157, end=-1&#xD;
Rust Note: col=0, start=141275, end=141392&#xD;
Rust Note: col=0, start=141275, end=141392&#xD;
Rust Note: col=0, start=141275, end=-1&#xD;
Rust Note: col=0, start=141509, end=141626&#xD;
Rust Note: col=0, start=141509, end=141626&#xD;
Rust Note: col=3, start=141509, end=-1&#xD;
Rust Note: col=8, start=141509, end=-1&#xD;
Rust Note: col=4, start=141626, end=-1&#xD;
Rust Note: col=9, start=141626, end=-1&#xD;
Rust Note: col=0, start=141743, end=141860&#xD;
Rust Note: col=0, start=141743, end=141860&#xD;
Rust Note: col=1, start=141743, end=-1&#xD;
Rust Note: col=6, start=141743, end=-1&#xD;
Rust Note: col=0, start=141860, end=-1&#xD;
Rust Note: col=5, start=141860, end=-1&#xD;
Rust Note: col=0, start=141978, end=142095&#xD;
Rust Note: col=0, start=141978, end=142095&#xD;
Rust Note: col=3, start=142095, end=-1&#xD;
Rust Note: col=8, start=142095, end=-1&#xD;
Rust Note: col=1, start=142212, end=-1&#xD;
Rust Note: col=2, start=142212, end=-1&#xD;
Rust Note: col=6, start=142212, end=-1&#xD;
Rust Note: col=7, start=142212, end=-1&#xD;
Rust Note: col=3, start=142446, end=-1&#xD;
Rust Note: col=4, start=142446, end=-1&#xD;
Rust Note: col=8, start=142446, end=-1&#xD;
Rust Note: col=9, start=142446, end=-1&#xD;
Rust Note: col=0, start=142681, end=-1&#xD;
Rust Note: col=1, start=142681, end=-1&#xD;
Rust Note: col=2, start=142681, end=-1&#xD;
Rust Note: col=6, start=142681, end=-1&#xD;
Rust Note: col=7, start=142681, end=-1&#xD;
Rust Note: col=8, start=142681, end=-1&#xD;
Rust Note: col=4, start=142798, end=-1&#xD;
Rust Note: col=5, start=142915, end=-1&#xD;
Rust Note: col=1, start=143032, end=-1&#xD;
Rust Note: col=2, start=143032, end=-1&#xD;
Rust Note: col=3, start=143150, end=-1&#xD;
Rust Note: col=6, start=143150, end=-1&#xD;
Rust Note: col=8, start=143150, end=-1&#xD;
Rust Note: col=7, start=143267, end=-1&#xD;
Rust Note: col=9, start=143267, end=-1&#xD;
Rust Note: col=6, start=143384, end=-1&#xD;
Rust Note: col=8, start=143384, end=-1&#xD;
Rust Note: col=5, start=143501, end=-1&#xD;
Rust Note: col=7, start=143501, end=-1&#xD;
Rust Note: col=0, start=143618, end=143853&#xD;
Rust Note: col=4, start=143618, end=-1&#xD;
Rust Note: col=6, start=143618, end=-1&#xD;
Rust Note: col=0, start=143853, end=144087&#xD;
Rust Note: col=6, start=143853, end=-1&#xD;
Rust Note: col=8, start=143853, end=-1&#xD;
Rust Note: col=7, start=143970, end=-1&#xD;
Rust Note: col=9, start=143970, end=-1&#xD;
Rust Note: col=0, start=144087, end=144556&#xD;
Rust Note: col=8, start=144087, end=-1&#xD;
Rust Note: col=1, start=144204, end=-1&#xD;
Rust Note: col=3, start=144204, end=-1&#xD;
Rust Note: col=7, start=144321, end=-1&#xD;
Rust Note: col=9, start=144321, end=-1&#xD;
Rust Note: col=2, start=144439, end=-1&#xD;
Rust Note: col=4, start=144439, end=-1&#xD;
Rust Note: col=0, start=144556, end=144790&#xD;
Rust Note: col=3, start=144556, end=-1&#xD;
Rust Note: col=6, start=144673, end=-1&#xD;
Rust Note: col=0, start=144790, end=145025&#xD;
Rust Note: col=0, start=145025, end=145259&#xD;
Rust Note: col=1, start=145025, end=-1&#xD;
Rust Note: col=3, start=145025, end=-1&#xD;
Rust Note: col=2, start=145142, end=-1&#xD;
Rust Note: col=4, start=145142, end=-1&#xD;
Rust Note: col=0, start=145259, end=145493&#xD;
Rust Note: col=3, start=145259, end=-1&#xD;
Rust Note: col=5, start=145259, end=-1&#xD;
Rust Note: col=2, start=145376, end=-1&#xD;
Rust Note: col=4, start=145376, end=-1&#xD;
Rust Note: col=0, start=145493, end=145728&#xD;
Rust Note: col=1, start=145493, end=-1&#xD;
Rust Note: col=3, start=145493, end=-1&#xD;
Rust Note: col=0, start=145610, end=-1&#xD;
Rust Note: col=2, start=145610, end=-1&#xD;
Rust Note: col=0, start=145728, end=145962&#xD;
Rust Note: col=4, start=145728, end=-1&#xD;
Rust Note: col=3, start=145845, end=-1&#xD;
Rust Note: col=0, start=145962, end=-1&#xD;
Rust Note: col=2, start=145962, end=-1&#xD;
Rust Note: col=1, start=146079, end=-1&#xD;
Rust Note: col=3, start=146079, end=-1&#xD;
Rust Note: col=0, start=146196, end=146431&#xD;
Rust Note: col=2, start=146196, end=-1&#xD;
Rust Note: col=4, start=146196, end=-1&#xD;
Rust Note: col=3, start=146314, end=-1&#xD;
Rust Note: col=5, start=146314, end=-1&#xD;
Rust Note: col=0, start=146431, end=146665&#xD;
Rust Note: col=2, start=146431, end=-1&#xD;
Rust Note: col=4, start=146431, end=-1&#xD;
Rust Note: col=1, start=146548, end=-1&#xD;
Rust Note: col=0, start=146665, end=-1&#xD;
Rust Note: col=0, start=146665, end=146900&#xD;
Rust Note: col=2, start=146665, end=-1&#xD;
Rust Note: col=3, start=146782, end=-1&#xD;
Rust Note: col=0, start=146900, end=147134&#xD;
Rust Note: col=4, start=146900, end=-1&#xD;
Rust Note: col=6, start=146900, end=-1&#xD;
Rust Note: col=0, start=147134, end=147368&#xD;
Rust Note: col=1, start=147134, end=-1&#xD;
Rust Note: col=3, start=147134, end=-1&#xD;
Rust Note: col=0, start=147251, end=-1&#xD;
Rust Note: col=2, start=147251, end=-1&#xD;
Rust Note: col=0, start=147368, end=147603&#xD;
Rust Note: col=0, start=147603, end=147837&#xD;
Rust Note: col=6, start=147603, end=-1&#xD;
Rust Note: col=8, start=147603, end=-1&#xD;
Rust Note: col=5, start=147720, end=-1&#xD;
Rust Note: col=7, start=147720, end=-1&#xD;
Rust Note: col=6, start=147837, end=-1&#xD;
Rust Note: col=8, start=147837, end=-1&#xD;
Rust Note: col=7, start=147954, end=-1&#xD;
Rust Note: col=9, start=147954, end=-1&#xD;
Rust Note: col=0, start=148071, end=148306&#xD;
Rust Note: col=6, start=148071, end=-1&#xD;
Rust Note: col=1, start=148189, end=-1&#xD;
Rust Note: col=3, start=148189, end=-1&#xD;
Rust Note: col=0, start=148306, end=148540&#xD;
Rust Note: col=4, start=148306, end=-1&#xD;
Rust Note: col=5, start=148306, end=-1&#xD;
Rust Note: col=0, start=148423, end=-1&#xD;
Rust Note: col=2, start=148423, end=-1&#xD;
Rust Note: col=0, start=148540, end=148775&#xD;
Rust Note: col=7, start=148657, end=-1&#xD;
Rust Note: col=0, start=148775, end=148892&#xD;
Rust Note: col=0, start=148775, end=148892&#xD;
Rust Note: col=2, start=148775, end=-1&#xD;
Rust Note: col=8, start=148775, end=-1&#xD;
Rust Note: col=4, start=148892, end=-1&#xD;
Rust Note: col=5, start=148892, end=-1&#xD;
Rust Note: col=0, start=149009, end=149126&#xD;
Rust Note: col=0, start=149009, end=149126&#xD;
Rust Note: col=1, start=149009, end=-1&#xD;
Rust Note: col=7, start=149009, end=-1&#xD;
Rust Note: col=0, start=149126, end=-1&#xD;
Rust Note: col=9, start=149126, end=-1&#xD;
Rust Note: col=0, start=149243, end=149360&#xD;
Rust Note: col=0, start=149243, end=149360&#xD;
Rust Note: col=3, start=149243, end=-1&#xD;
Rust Note: col=8, start=149243, end=-1&#xD;
Rust Note: col=0, start=149478, end=149595&#xD;
Rust Note: col=0, start=149478, end=149595&#xD;
Rust Note: col=1, start=149478, end=-1&#xD;
Rust Note: col=6, start=149478, end=-1&#xD;
Rust Note: col=2, start=149712, end=-1&#xD;
Rust Note: col=7, start=149712, end=-1&#xD;
Rust Note: col=1, start=149829, end=-1&#xD;
Rust Note: col=3, start=149829, end=-1&#xD;
Rust Note: col=4, start=149829, end=-1&#xD;
Rust Note: col=5, start=149829, end=-1&#xD;
Rust Note: col=8, start=149946, end=-1&#xD;
Rust Note: col=6, start=150064, end=-1&#xD;
Rust Note: col=3, start=150181, end=-1&#xD;
Rust Note: col=7, start=150181, end=-1&#xD;
Rust Note: col=8, start=150181, end=-1&#xD;
Rust Note: col=9, start=150181, end=-1&#xD;
Rust Note: col=1, start=150298, end=-1&#xD;
Rust Note: col=2, start=150298, end=-1&#xD;
Rust Note: col=4, start=150298, end=-1&#xD;
Rust Note: col=5, start=150298, end=-1&#xD;
Rust Note: col=6, start=150415, end=-1&#xD;
Rust Note: col=8, start=150415, end=-1&#xD;
Rust Note: col=9, start=150415, end=-1&#xD;
Rust Note: col=0, start=150532, end=-1&#xD;
Rust Note: col=1, start=150532, end=-1&#xD;
Rust Note: col=3, start=150532, end=-1&#xD;
Rust Note: col=0, start=150650, end=151001&#xD;
Rust Note: col=0, start=150650, end=151001&#xD;
Rust Note: col=0, start=150650, end=151001&#xD;
Rust Note: col=0, start=150884, end=-1&#xD;
Rust Note: col=2, start=150884, end=-1&#xD;
Rust Note: col=3, start=151001, end=-1&#xD;
Rust Note: col=0, start=151118, end=151235&#xD;
Rust Note: col=0, start=151118, end=151235&#xD;
Rust Note: col=0, start=151118, end=151235&#xD;
Rust Note: col=3, start=151235, end=-1&#xD;
Rust Note: col=5, start=151235, end=-1&#xD;
Rust Note: col=0, start=151353, end=151587&#xD;
Rust Note: col=0, start=151353, end=151587&#xD;
Rust Note: col=3, start=151587, end=-1&#xD;
Rust Note: col=5, start=151587, end=-1&#xD;
Rust Note: col=7, start=151587, end=-1&#xD;
Rust Note: col=4, start=151704, end=-1&#xD;
Rust Note: col=6, start=151704, end=-1&#xD;
Rust Note: col=8, start=151704, end=-1&#xD;
Rust Note: col=5, start=151821, end=-1&#xD;
Rust Note: col=7, start=151821, end=-1&#xD;
Rust Note: col=9, start=151821, end=-1&#xD;
Rust Note: col=1, start=152056, end=-1&#xD;
Rust Note: col=4, start=152056, end=-1&#xD;
Rust Note: col=7, start=152056, end=-1&#xD;
Rust Note: col=2, start=152173, end=-1&#xD;
Rust Note: col=5, start=152173, end=-1&#xD;
Rust Note: col=8, start=152173, end=-1&#xD;
Rust Note: col=3, start=152290, end=-1&#xD;
Rust Note: col=6, start=152290, end=-1&#xD;
Rust Note: col=9, start=152290, end=-1&#xD;
Rust Note: col=0, start=152525, end=152876&#xD;
Rust Note: col=0, start=152525, end=152876&#xD;
Rust Note: col=0, start=152525, end=152876&#xD;
Rust Note: col=6, start=152759, end=-1&#xD;
Rust Note: col=8, start=152759, end=-1&#xD;
Rust Note: col=5, start=152876, end=-1&#xD;
Rust Note: col=0, start=152993, end=153110&#xD;
Rust Note: col=0, start=152993, end=153110&#xD;
Rust Note: col=0, start=152993, end=153110&#xD;
Rust Note: col=3, start=153110, end=-1&#xD;
Rust Note: col=5, start=153110, end=-1&#xD;
Rust Note: col=0, start=153228, end=153462&#xD;
Rust Note: col=0, start=153228, end=153462&#xD;
Rust Note: col=4, start=153462, end=-1&#xD;
Rust Note: col=6, start=153462, end=-1&#xD;
Rust Note: col=8, start=153462, end=-1&#xD;
Rust Note: col=9, start=153521, end=-1&#xD;
Rust Note: col=5, start=153579, end=-1&#xD;
Rust Note: col=2, start=153696, end=-1&#xD;
Rust Note: col=4, start=153696, end=-1&#xD;
Rust Note: col=6, start=153696, end=-1&#xD;
Rust Note: col=7, start=153755, end=-1&#xD;
Rust Note: col=8, start=153814, end=-1&#xD;
Rust Note: col=0, start=153931, end=-1&#xD;
Rust Note: col=2, start=153931, end=-1&#xD;
Rust Note: col=4, start=153931, end=-1&#xD;
Rust Note: col=5, start=153989, end=-1&#xD;
Rust Note: col=1, start=154048, end=-1&#xD;
Rust Note: col=0, start=154165, end=-1&#xD;
Rust Note: col=2, start=154165, end=-1&#xD;
Rust Note: col=4, start=154165, end=-1&#xD;
Rust Note: col=0, start=154400, end=154751&#xD;
Rust Note: col=0, start=154400, end=154751&#xD;
Rust Note: col=0, start=154400, end=154751&#xD;
Rust Note: col=7, start=154634, end=-1&#xD;
Rust Note: col=9, start=154634, end=-1&#xD;
Rust Note: col=6, start=154751, end=-1&#xD;
Rust Note: col=0, start=154868, end=154985&#xD;
Rust Note: col=0, start=154868, end=154985&#xD;
Rust Note: col=0, start=154868, end=154985&#xD;
Rust Note: col=4, start=154985, end=-1&#xD;
Rust Note: col=6, start=154985, end=-1&#xD;
Rust Note: col=0, start=155103, end=155337&#xD;
Rust Note: col=0, start=155103, end=155337&#xD;
Rust Note: col=2, start=155337, end=-1&#xD;
Rust Note: col=5, start=155337, end=-1&#xD;
Rust Note: col=8, start=155337, end=-1&#xD;
Rust Note: col=1, start=155454, end=-1&#xD;
Rust Note: col=4, start=155454, end=-1&#xD;
Rust Note: col=7, start=155454, end=-1&#xD;
Rust Note: col=0, start=155571, end=-1&#xD;
Rust Note: col=3, start=155571, end=-1&#xD;
Rust Note: col=6, start=155571, end=-1&#xD;
Rust Note: col=2, start=155806, end=-1&#xD;
Rust Note: col=4, start=155806, end=-1&#xD;
Rust Note: col=6, start=155806, end=-1&#xD;
Rust Note: col=1, start=155923, end=-1&#xD;
Rust Note: col=3, start=155923, end=-1&#xD;
Rust Note: col=5, start=155923, end=-1&#xD;
Rust Note: col=0, start=156040, end=-1&#xD;
Rust Note: col=2, start=156040, end=-1&#xD;
Rust Note: col=4, start=156040, end=-1&#xD;
Rust Note: col=0, start=156275, end=156626&#xD;
Rust Note: col=0, start=156275, end=156626&#xD;
Rust Note: col=0, start=156275, end=156626&#xD;
Rust Note: col=1, start=156509, end=-1&#xD;
Rust Note: col=3, start=156509, end=-1&#xD;
Rust Note: col=4, start=156626, end=-1&#xD;
Rust Note: col=0, start=156743, end=156860&#xD;
Rust Note: col=0, start=156743, end=156860&#xD;
Rust Note: col=0, start=156743, end=156860&#xD;
Rust Note: col=4, start=156860, end=-1&#xD;
Rust Note: col=6, start=156860, end=-1&#xD;
Rust Note: col=0, start=156978, end=157212&#xD;
Rust Note: col=0, start=156978, end=157212&#xD;
Rust Note: col=1, start=157212, end=-1&#xD;
Rust Note: col=3, start=157212, end=-1&#xD;
Rust Note: col=5, start=157212, end=-1&#xD;
Rust Note: col=0, start=157271, end=-1&#xD;
Rust Note: col=4, start=157329, end=-1&#xD;
Rust Note: col=3, start=157446, end=-1&#xD;
Rust Note: col=5, start=157446, end=-1&#xD;
Rust Note: col=7, start=157446, end=-1&#xD;
Rust Note: col=2, start=157505, end=-1&#xD;
Rust Note: col=1, start=157564, end=-1&#xD;
Rust Note: col=5, start=157681, end=-1&#xD;
Rust Note: col=7, start=157681, end=-1&#xD;
Rust Note: col=9, start=157681, end=-1&#xD;
Rust Note: col=1, start=157798, end=-1&#xD;
Rust Note: col=2, start=157798, end=-1&#xD;
Rust Note: col=3, start=157798, end=-1&#xD;
Rust Note: col=6, start=157915, end=-1&#xD;
Rust Note: col=7, start=157915, end=-1&#xD;
Rust Note: col=8, start=157915, end=-1&#xD;
Rust Note: col=0, start=158032, end=-1&#xD;
Rust Note: col=2, start=158032, end=-1&#xD;
Rust Note: col=4, start=158032, end=-1&#xD;
Rust Note: col=0, start=158150, end=158618&#xD;
Rust Note: col=0, start=158150, end=158618&#xD;
Rust Note: col=7, start=158150, end=-1&#xD;
Rust Note: col=8, start=158267, end=-1&#xD;
Rust Note: col=0, start=158384, end=-1&#xD;
Rust Note: col=9, start=158384, end=-1&#xD;
Rust Note: col=1, start=158501, end=-1&#xD;
Rust Note: col=2, start=158618, end=-1&#xD;
Rust Note: col=5, start=158618, end=-1&#xD;
Rust Note: col=7, start=158618, end=-1&#xD;
Rust Note: col=4, start=158735, end=-1&#xD;
Rust Note: col=8, start=158735, end=-1&#xD;
Rust Note: col=0, start=158853, end=-1&#xD;
Rust Note: col=3, start=158853, end=-1&#xD;
Rust Note: col=9, start=158853, end=-1&#xD;
Rust Note: col=1, start=158970, end=-1&#xD;
Rust Note: col=2, start=159087, end=-1&#xD;
Rust Note: col=5, start=159087, end=-1&#xD;
Rust Note: col=9, start=159087, end=-1&#xD;
Rust Note: col=4, start=159204, end=-1&#xD;
Rust Note: col=8, start=159204, end=-1&#xD;
Rust Note: col=0, start=159321, end=159556&#xD;
Rust Note: col=0, start=159321, end=159556&#xD;
Rust Note: col=4, start=159556, end=-1&#xD;
Rust Note: col=8, start=159556, end=-1&#xD;
Rust Note: col=3, start=159673, end=-1&#xD;
Rust Note: col=7, start=159673, end=-1&#xD;
Rust Note: col=0, start=159790, end=160025&#xD;
Rust Note: col=0, start=159790, end=160025&#xD;
Rust Note: col=2, start=159790, end=-1&#xD;
Rust Note: col=6, start=159790, end=-1&#xD;
Rust Note: col=0, start=160025, end=160493&#xD;
Rust Note: col=0, start=160025, end=160493&#xD;
Rust Note: col=4, start=160025, end=-1&#xD;
Rust Note: col=9, start=160025, end=-1&#xD;
Rust Note: col=5, start=160142, end=-1&#xD;
Rust Note: col=3, start=160259, end=-1&#xD;
Rust Note: col=6, start=160259, end=-1&#xD;
Rust Note: col=4, start=160376, end=-1&#xD;
Rust Note: col=0, start=160493, end=-1&#xD;
Rust Note: col=5, start=160493, end=-1&#xD;
Rust Note: col=9, start=160493, end=-1&#xD;
Rust Note: col=1, start=160610, end=-1&#xD;
Rust Note: col=8, start=160610, end=-1&#xD;
Rust Note: col=2, start=160728, end=-1&#xD;
Rust Note: col=7, start=160728, end=-1&#xD;
Rust Note: col=1, start=160962, end=-1&#xD;
Rust Note: col=5, start=160962, end=-1&#xD;
Rust Note: col=2, start=161079, end=-1&#xD;
Rust Note: col=6, start=161079, end=-1&#xD;
Rust Note: col=0, start=161196, end=161431&#xD;
Rust Note: col=0, start=161196, end=161431&#xD;
Rust Note: col=0, start=161431, end=-1&#xD;
Rust Note: col=4, start=161431, end=-1&#xD;
Rust Note: col=1, start=161548, end=-1&#xD;
Rust Note: col=5, start=161548, end=-1&#xD;
Rust Note: col=0, start=161665, end=161900&#xD;
Rust Note: col=0, start=161665, end=161900&#xD;
Rust Note: col=0, start=161900, end=162368&#xD;
Rust Note: col=0, start=161900, end=162368&#xD;
Rust Note: col=3, start=161900, end=-1&#xD;
Rust Note: col=7, start=161900, end=-1&#xD;
Rust Note: col=6, start=162017, end=-1&#xD;
Rust Note: col=2, start=162134, end=-1&#xD;
Rust Note: col=5, start=162134, end=-1&#xD;
Rust Note: col=3, start=162251, end=-1&#xD;
Rust Note: col=0, start=162368, end=-1&#xD;
Rust Note: col=4, start=162368, end=-1&#xD;
Rust Note: col=7, start=162368, end=-1&#xD;
Rust Note: col=1, start=162485, end=-1&#xD;
Rust Note: col=6, start=162485, end=-1&#xD;
Rust Note: col=2, start=162603, end=-1&#xD;
Rust Note: col=5, start=162603, end=-1&#xD;
Rust Note: col=9, start=162603, end=-1&#xD;
Rust Note: col=8, start=162720, end=-1&#xD;
Rust Note: col=2, start=162837, end=-1&#xD;
Rust Note: col=7, start=162837, end=-1&#xD;
Rust Note: col=3, start=162954, end=-1&#xD;
Rust Note: col=8, start=162954, end=-1&#xD;
Rust Note: col=0, start=163071, end=163306&#xD;
Rust Note: col=0, start=163071, end=163306&#xD;
Rust Note: col=3, start=163306, end=-1&#xD;
Rust Note: col=7, start=163306, end=-1&#xD;
Rust Note: col=2, start=163423, end=-1&#xD;
Rust Note: col=6, start=163423, end=-1&#xD;
Rust Note: col=0, start=163540, end=163775&#xD;
Rust Note: col=0, start=163540, end=163775&#xD;
Rust Note: col=0, start=163775, end=164243&#xD;
Rust Note: col=0, start=163775, end=164243&#xD;
Rust Note: col=2, start=163775, end=-1&#xD;
Rust Note: col=8, start=163775, end=-1&#xD;
Rust Note: col=3, start=163892, end=-1&#xD;
Rust Note: col=2, start=164009, end=-1&#xD;
Rust Note: col=7, start=164009, end=-1&#xD;
Rust Note: col=6, start=164126, end=-1&#xD;
Rust Note: col=1, start=164243, end=-1&#xD;
Rust Note: col=4, start=164243, end=-1&#xD;
Rust Note: col=7, start=164243, end=-1&#xD;
Rust Note: col=2, start=164360, end=-1&#xD;
Rust Note: col=8, start=164360, end=-1&#xD;
Rust Note: col=3, start=164478, end=-1&#xD;
Rust Note: col=7, start=164478, end=-1&#xD;
Rust Note: col=1, start=164595, end=-1&#xD;
Rust Note: col=6, start=164595, end=-1&#xD;
Rust Note: col=2, start=164712, end=-1&#xD;
Rust Note: col=4, start=164712, end=-1&#xD;
Rust Note: col=7, start=164712, end=-1&#xD;
Rust Note: col=8, start=164829, end=-1&#xD;
Rust Note: col=1, start=164946, end=-1&#xD;
Rust Note: col=3, start=165064, end=-1&#xD;
Rust Note: col=5, start=165064, end=-1&#xD;
Rust Note: col=7, start=165064, end=-1&#xD;
Rust Note: col=0, start=165181, end=-1&#xD;
Rust Note: col=8, start=165181, end=-1&#xD;
Rust Note: col=9, start=165298, end=-1&#xD;
Rust Note: col=2, start=165415, end=-1&#xD;
Rust Note: col=4, start=165415, end=-1&#xD;
Rust Note: col=6, start=165415, end=-1&#xD;
Rust Note: col=7, start=165532, end=-1&#xD;
Rust Note: col=0, start=165650, end=-1&#xD;
Rust Note: col=1, start=165650, end=-1&#xD;
Rust Note: col=5, start=165650, end=-1&#xD;
Total notes: 2498&#xD;
[xUnit.net 00:00:01.22]   Finished:    LAsOsuBeatmapParser.Tests&#xD;
</StdOut>
    </Output>
  </ResultSummary>
</TestRun>